2025-05-25 14:01:53,002 [INFO] WebApp:194 - Connection lost
2025-05-25 14:02:16,228 [INFO] WebApp:191 - Connection restablished
2025-05-25 14:02:18,462 [INFO] WebApp:194 - Connection lost
2025-05-25 14:02:18,638 [INFO] WebApp:191 - Connection restablished
2025-05-25 14:02:46,452 [INFO] WebApp:194 - Connection lost
2025-05-25 14:02:46,633 [INFO] WebApp:191 - Connection restablished
2025-05-25 14:03:36,699 [INFO] WebApp:194 - Connection lost
2025-05-25 14:03:36,885 [INFO] WebApp:191 - Connection restablished
2025-05-25 14:15:13,418 [INFO] Activator:176 - 


2025-05-25 14:15:13,419 [INFO] Activator:177 - !SESSION log4j initialized
2025-05-25 14:15:18,858 [INFO] LogOutputStream:77 - [STDOUT_REDIRECT] 
2025-05-25 14:15:20,973 [INFO] ApplicationProperties:184 - Using Application install path: C:\STM32CubeIDE_1.16.1\STM32CubeIDE\plugins\com.st.stm32cube.common.mx_6.14.1.202504091515
2025-05-25 14:15:20,985 [INFO] DbMcusXml:78 - Set database path to: C:\STM32CubeIDE_1.16.1\STM32CubeIDE\plugins\com.st.stm32cube.common.mx_6.14.1.202504091515\\db\/mcu/
2025-05-25 14:15:20,985 [INFO] ApiDb:274 - Set plugin database path to: C:\STM32CubeIDE_1.16.1\STM32CubeIDE\plugins\com.st.stm32cube.common.mx_6.14.1.202504091515\\db\/plugins/boardmanager/
2025-05-25 14:15:20,985 [WARN] ApiDb:259 - Overriding images path with different value:  => C:\STM32CubeIDE_1.16.1\STM32CubeIDE\plugins\com.st.stm32cube.common.mx_6.14.1.202504091515\\db\/plugins/mcufinder/images/
2025-05-25 14:15:20,996 [INFO] ApiDb:250 - Set database path to: C:\Users\spwkp\.stmcufinder\plugins\mcufinder//mcu/
2025-05-25 14:15:20,997 [INFO] DbMcusAds:125 - Set database path to: C:\Users\spwkp\.stmcufinder\plugins\mcufinder//mcu/
2025-05-25 14:15:20,998 [INFO] CrossReferenceDbSqlite:203 - Set database path to: C:\Users\spwkp\.stmcufinder\plugins\mcufinder//mcu/cs/
2025-05-25 14:15:21,090 [INFO] RulesReader:64 - Compatibility file has been processed (302 Rules)
2025-05-25 14:15:21,145 [INFO] DbMcusXml:78 - Set database path to: C:\STM32CubeIDE_1.16.1\STM32CubeIDE\plugins\com.st.stm32cube.common.mx_6.14.1.202504091515\\db\/mcu/
2025-05-25 14:15:21,145 [INFO] ApiDb:274 - Set plugin database path to: C:\STM32CubeIDE_1.16.1\STM32CubeIDE\plugins\com.st.stm32cube.common.mx_6.14.1.202504091515\\db\/plugins/boardmanager/
2025-05-25 14:15:21,145 [INFO] ApiDb:261 - Set plugin images path to: C:\STM32CubeIDE_1.16.1\STM32CubeIDE\plugins\com.st.stm32cube.common.mx_6.14.1.202504091515\\db\/plugins/mcufinder/images/
2025-05-25 14:15:21,145 [WARN] DbFile:41 - Overriding database path with different value: C:\Users\spwkp\.stmcufinder\plugins\mcufinder/ => C:\Users\spwkp\.stmcufinder\plugins\mcufinder
2025-05-25 14:15:21,146 [INFO] ApiDb:250 - Set database path to: C:\Users\spwkp\.stmcufinder\plugins\mcufinder//mcu/
2025-05-25 14:15:21,146 [WARN] DbFile:41 - Overriding database path with different value: C:\Users\spwkp\.stmcufinder\plugins\mcufinder/ => C:\Users\spwkp\.stmcufinder\plugins\mcufinder
2025-05-25 14:15:21,146 [INFO] DbMcusAds:125 - Set database path to: C:\Users\spwkp\.stmcufinder\plugins\mcufinder//mcu/
2025-05-25 14:15:21,146 [WARN] DbFile:41 - Overriding database path with different value: C:\Users\spwkp\.stmcufinder\plugins\mcufinder/ => C:\Users\spwkp\.stmcufinder\plugins\mcufinder
2025-05-25 14:15:21,146 [WARN] DbFile:41 - Overriding database path with different value: C:\Users\spwkp\.stmcufinder\plugins\mcufinder/ => C:\Users\spwkp\.stmcufinder\plugins\mcufinder
2025-05-25 14:15:21,146 [INFO] CrossReferenceDbSqlite:203 - Set database path to: C:\Users\spwkp\.stmcufinder\plugins\mcufinder//mcu/cs/
2025-05-25 14:15:21,197 [INFO] MainPanel:272 - HeapMemory: 268435456
2025-05-25 14:15:21,267 [INFO] DbMcusXml:78 - Set database path to: C:\STM32CubeIDE_1.16.1\STM32CubeIDE\plugins\com.st.stm32cube.common.mx_6.14.1.202504091515\\db\/mcu/
2025-05-25 14:15:21,267 [INFO] ApiDb:274 - Set plugin database path to: C:\STM32CubeIDE_1.16.1\STM32CubeIDE\plugins\com.st.stm32cube.common.mx_6.14.1.202504091515\\db\/plugins/boardmanager/
2025-05-25 14:15:21,267 [INFO] ApiDb:261 - Set plugin images path to: C:\STM32CubeIDE_1.16.1\STM32CubeIDE\plugins\com.st.stm32cube.common.mx_6.14.1.202504091515\\db\/plugins/mcufinder/images/
2025-05-25 14:15:21,267 [WARN] DbFile:41 - Overriding database path with different value: C:\Users\spwkp\.stmcufinder\plugins\mcufinder/ => C:\Users\spwkp\.stmcufinder\plugins\mcufinder
2025-05-25 14:15:21,268 [INFO] ApiDb:250 - Set database path to: C:\Users\spwkp\.stmcufinder\plugins\mcufinder//mcu/
2025-05-25 14:15:21,268 [WARN] DbFile:41 - Overriding database path with different value: C:\Users\spwkp\.stmcufinder\plugins\mcufinder/ => C:\Users\spwkp\.stmcufinder\plugins\mcufinder
2025-05-25 14:15:21,268 [INFO] DbMcusAds:125 - Set database path to: C:\Users\spwkp\.stmcufinder\plugins\mcufinder//mcu/
2025-05-25 14:15:21,268 [WARN] DbFile:41 - Overriding database path with different value: C:\Users\spwkp\.stmcufinder\plugins\mcufinder/ => C:\Users\spwkp\.stmcufinder\plugins\mcufinder
2025-05-25 14:15:21,268 [WARN] DbFile:41 - Overriding database path with different value: C:\Users\spwkp\.stmcufinder\plugins\mcufinder/ => C:\Users\spwkp\.stmcufinder\plugins\mcufinder
2025-05-25 14:15:21,268 [INFO] CrossReferenceDbSqlite:203 - Set database path to: C:\Users\spwkp\.stmcufinder\plugins\mcufinder//mcu/cs/
2025-05-25 14:15:21,291 [INFO] ApplicationProperties:184 - Using Application install path: C:\STM32CubeIDE_1.16.1\STM32CubeIDE\plugins\com.st.stm32cube.common.mx_6.14.1.202504091515
2025-05-25 14:15:21,292 [INFO] PluginManage:196 - Search for loadable plugins [exclusion list=, ]
2025-05-25 14:15:21,293 [INFO] PluginManage:310 - Check plugin analytics
2025-05-25 14:15:21,414 [INFO] AnalyticsPlugin:253 - Accepted Software Licenses: STM32CubeMX.6.4.0,STM32CubeMX.6.12.1
2025-05-25 14:15:21,415 [INFO] AnalyticsPlugin:255 - Accepted CMSIS Pack Licenses: ARM.CMSIS.6.0.0,ARM.CMSIS-DSP.1.15.0
2025-05-25 14:15:21,415 [INFO] AnalyticsPlugin:257 - Accepted Firmware Licenses: FW.G4.1.6.0,FW.G4.1.5.0,FW.U5.1.0.0,FW.WB.1.13.0
2025-05-25 14:15:21,416 [INFO] PluginManage:359 - Loaded plugin analytics (category:tool,tabindex:-1)
2025-05-25 14:15:21,417 [INFO] PluginManage:310 - Check plugin cadmodel
2025-05-25 14:15:21,431 [INFO] CADModel:105 - Init CAD model plugin
2025-05-25 14:15:21,431 [INFO] PluginManage:359 - Loaded plugin cadmodel (category:power,tabindex:5)
2025-05-25 14:15:21,431 [INFO] PluginManage:310 - Check plugin clock
2025-05-25 14:15:21,446 [INFO] PluginManage:359 - Loaded plugin clock (category:base,tabindex:2)
2025-05-25 14:15:21,446 [INFO] PluginManage:310 - Check plugin ddr
2025-05-25 14:15:21,448 [INFO] PluginManage:359 - Loaded plugin ddr (category:tool,tabindex:6)
2025-05-25 14:15:21,448 [INFO] PluginManage:310 - Check plugin filemanager
2025-05-25 14:15:21,550 [INFO] PluginManage:359 - Loaded plugin filemanager (category:base,tabindex:10)
2025-05-25 14:15:21,550 [INFO] PluginManage:310 - Check plugin ipmanager
2025-05-25 14:15:21,556 [INFO] PluginManage:359 - Loaded plugin ipmanager (category:base,tabindex:5)
2025-05-25 14:15:21,556 [INFO] PluginManage:310 - Check plugin lpbam
2025-05-25 14:15:21,570 [INFO] PluginManage:359 - Loaded plugin lpbam (category:base,tabindex:0)
2025-05-25 14:15:21,570 [INFO] PluginManage:310 - Check plugin memorymap
2025-05-25 14:15:21,587 [INFO] PluginManage:359 - Loaded plugin memorymap (category:base,tabindex:4)
2025-05-25 14:15:21,587 [INFO] PluginManage:310 - Check plugin pinoutandconfiguration
2025-05-25 14:15:21,600 [INFO] PluginManage:359 - Loaded plugin pinoutandconfiguration (category:base,tabindex:1)
2025-05-25 14:15:21,600 [INFO] PluginManage:310 - Check plugin pinoutconfig
2025-05-25 14:15:21,670 [WARN] SupportedApi:132 - Cannot load RTOS API schema: s4s-elt-must-match.1: The content of 'definitions' must match (annotation?, (simpleType | complexType)?, (unique | key | keyref)*)). A problem was found starting at: attribute.
2025-05-25 14:15:21,767 [INFO] PluginManage:359 - Loaded plugin pinoutconfig (category:base,tabindex:0)
2025-05-25 14:15:21,767 [INFO] PluginManage:310 - Check plugin power
2025-05-25 14:15:21,782 [INFO] PluginManage:359 - Loaded plugin power (category:power,tabindex:4)
2025-05-25 14:15:21,783 [INFO] PluginManage:310 - Check plugin projectmanager
2025-05-25 14:15:21,795 [INFO] PluginManage:359 - Loaded plugin projectmanager (category:projectmanager,tabindex:4)
2025-05-25 14:15:21,795 [INFO] PluginManage:310 - Check plugin rif
2025-05-25 14:15:21,810 [INFO] PluginManage:359 - Loaded plugin rif (category:base,tabindex:3)
2025-05-25 14:15:21,810 [INFO] PluginManage:310 - Check plugin thirdparty
2025-05-25 14:15:22,009 [INFO] PluginManage:359 - Loaded plugin thirdparty (category:base,tabindex:-1)
2025-05-25 14:15:22,009 [WARN] IntegrityCheckThread:84 - waiting for thirdparty lock release [integrity check]
2025-05-25 14:15:22,009 [INFO] IntegrityCheckThread:86 - entering critical section [integrity check]
2025-05-25 14:15:22,009 [INFO] PluginManage:310 - Check plugin tools
2025-05-25 14:15:22,011 [INFO] ThirdPartyUpdaterWithRetryManager:70 - Updater plugin not ready yet. [1/15]
2025-05-25 14:15:22,037 [INFO] PluginManage:359 - Loaded plugin tools (category:base,tabindex:7)
2025-05-25 14:15:22,037 [INFO] PluginManage:310 - Check plugin tutovideos
2025-05-25 14:15:22,171 [INFO] PluginManage:359 - Loaded plugin tutovideos (category:base,tabindex:-1)
2025-05-25 14:15:22,171 [INFO] PluginManage:310 - Check plugin updater
2025-05-25 14:15:22,186 [INFO] PluginManage:359 - Loaded plugin updater (category:base,tabindex:12)
2025-05-25 14:15:22,186 [INFO] PluginManage:310 - Check plugin userauth
2025-05-25 14:15:22,189 [INFO] UserAuth:118 - Init User Auth plugin
2025-05-25 14:15:22,189 [INFO] PluginManage:359 - Loaded plugin userauth (category:base,tabindex:14)
2025-05-25 14:15:22,190 [INFO] PluginManage:283 - PluginManage : Loaded plugins [18]
2025-05-25 14:15:22,323 [INFO] PinOutPanel:1589 - setPackage(No Configuration,No Configuration)
2025-05-25 14:15:22,381 [INFO] CADModel:165 - CPN selected for project level
2025-05-25 14:15:22,381 [INFO] CADModel:114 - Register for checkConnection events
2025-05-25 14:15:22,405 [INFO] IPUIPlugin:80 - create IPUIPlugin
2025-05-25 14:15:22,405 [INFO] PluginManager:220 - loadIPPluginJar : add adc
2025-05-25 14:15:22,434 [INFO] IPUIPlugin:80 - create IPUIPlugin
2025-05-25 14:15:22,434 [INFO] PluginManager:220 - loadIPPluginJar : add aes
2025-05-25 14:15:22,467 [INFO] IPUIPlugin:80 - create IPUIPlugin
2025-05-25 14:15:22,468 [INFO] PluginManager:220 - loadIPPluginJar : add can
2025-05-25 14:15:22,488 [INFO] IPUIPlugin:80 - create IPUIPlugin
2025-05-25 14:15:22,488 [INFO] PluginManager:220 - loadIPPluginJar : add comp
2025-05-25 14:15:22,515 [INFO] IPUIPlugin:80 - create IPUIPlugin
2025-05-25 14:15:22,515 [INFO] PluginManager:220 - loadIPPluginJar : add cryp
2025-05-25 14:15:22,525 [INFO] IPUIPlugin:80 - create IPUIPlugin
2025-05-25 14:15:22,525 [INFO] PluginManager:220 - loadIPPluginJar : add ddr_ctrl_phy
2025-05-25 14:15:22,546 [INFO] IPUIPlugin:80 - create IPUIPlugin
2025-05-25 14:15:22,546 [INFO] PluginManager:220 - loadIPPluginJar : add dfsdm
2025-05-25 14:15:22,556 [INFO] IPUIPlugin:80 - create IPUIPlugin
2025-05-25 14:15:22,557 [INFO] PluginManager:220 - loadIPPluginJar : add dma
2025-05-25 14:15:22,582 [INFO] IPUIPlugin:80 - create IPUIPlugin
2025-05-25 14:15:22,582 [INFO] PluginManager:220 - loadIPPluginJar : add dma3
2025-05-25 14:15:22,612 [INFO] IPUIPlugin:80 - create IPUIPlugin
2025-05-25 14:15:22,612 [INFO] PluginManager:220 - loadIPPluginJar : add extmemmanager
2025-05-25 14:15:22,631 [INFO] IPUIPlugin:80 - create IPUIPlugin
2025-05-25 14:15:22,631 [INFO] PluginManager:220 - loadIPPluginJar : add fatfs
2025-05-25 14:15:22,666 [INFO] IPUIPlugin:80 - create IPUIPlugin
2025-05-25 14:15:22,666 [INFO] PluginManager:220 - loadIPPluginJar : add fmc
2025-05-25 14:15:22,679 [INFO] IPUIPlugin:80 - create IPUIPlugin
2025-05-25 14:15:22,679 [INFO] PluginManager:220 - loadIPPluginJar : add freertos
2025-05-25 14:15:22,698 [INFO] IPUIPlugin:80 - create IPUIPlugin
2025-05-25 14:15:22,698 [INFO] PluginManager:220 - loadIPPluginJar : add genericplugin
2025-05-25 14:15:22,761 [INFO] IPUIPlugin:80 - create IPUIPlugin
2025-05-25 14:15:22,762 [INFO] PluginManager:220 - loadIPPluginJar : add gfxmmu
2025-05-25 14:15:22,855 [INFO] IPUIPlugin:80 - create IPUIPlugin
2025-05-25 14:15:22,856 [INFO] PluginManager:220 - loadIPPluginJar : add gic
2025-05-25 14:15:22,865 [INFO] IPUIPlugin:80 - create IPUIPlugin
2025-05-25 14:15:22,866 [INFO] PluginManager:220 - loadIPPluginJar : add gpio
2025-05-25 14:15:22,929 [INFO] IPUIPlugin:80 - create IPUIPlugin
2025-05-25 14:15:22,929 [INFO] PluginManager:220 - loadIPPluginJar : add gtzc
2025-05-25 14:15:22,959 [INFO] IPUIPlugin:80 - create IPUIPlugin
2025-05-25 14:15:22,959 [INFO] PluginManager:220 - loadIPPluginJar : add hash
2025-05-25 14:15:22,998 [INFO] IPUIPlugin:80 - create IPUIPlugin
2025-05-25 14:15:22,998 [INFO] PluginManager:220 - loadIPPluginJar : add i2c
2025-05-25 14:15:23,027 [INFO] IPUIPlugin:80 - create IPUIPlugin
2025-05-25 14:15:23,027 [INFO] PluginManager:220 - loadIPPluginJar : add i2s
2025-05-25 14:15:23,056 [INFO] IPUIPlugin:80 - create IPUIPlugin
2025-05-25 14:15:23,057 [INFO] PluginManager:220 - loadIPPluginJar : add i3c
2025-05-25 14:15:23,124 [INFO] IPUIPlugin:80 - create IPUIPlugin
2025-05-25 14:15:23,124 [INFO] PluginManager:220 - loadIPPluginJar : add ipddr
2025-05-25 14:15:23,185 [INFO] IPUIPlugin:80 - create IPUIPlugin
2025-05-25 14:15:23,186 [INFO] PluginManager:220 - loadIPPluginJar : add linkedlist
2025-05-25 14:15:23,212 [INFO] IPUIPlugin:80 - create IPUIPlugin
2025-05-25 14:15:23,212 [INFO] PluginManager:220 - loadIPPluginJar : add lorawan
2025-05-25 14:15:23,243 [INFO] IPUIPlugin:80 - create IPUIPlugin
2025-05-25 14:15:23,243 [INFO] PluginManager:220 - loadIPPluginJar : add ltdc
2025-05-25 14:15:23,256 [INFO] IPUIPlugin:80 - create IPUIPlugin
2025-05-25 14:15:23,256 [INFO] PluginManager:220 - loadIPPluginJar : add mdma
2025-05-25 14:15:23,267 [INFO] IPUIPlugin:80 - create IPUIPlugin
2025-05-25 14:15:23,267 [INFO] PluginManager:220 - loadIPPluginJar : add nvic
2025-05-25 14:15:23,300 [INFO] IPUIPlugin:80 - create IPUIPlugin
2025-05-25 14:15:23,300 [INFO] PluginManager:220 - loadIPPluginJar : add opamp
2025-05-25 14:15:23,354 [INFO] IPUIPlugin:80 - create IPUIPlugin
2025-05-25 14:15:23,354 [INFO] PluginManager:220 - loadIPPluginJar : add openamp
2025-05-25 14:15:23,386 [INFO] IPUIPlugin:80 - create IPUIPlugin
2025-05-25 14:15:23,387 [INFO] PluginManager:220 - loadIPPluginJar : add pdm2pcm
2025-05-25 14:15:23,397 [INFO] IPUIPlugin:80 - create IPUIPlugin
2025-05-25 14:15:23,399 [INFO] PluginManager:220 - loadIPPluginJar : add plateformsettings
2025-05-25 14:15:23,417 [INFO] IPUIPlugin:80 - create IPUIPlugin
2025-05-25 14:15:23,417 [INFO] PluginManager:220 - loadIPPluginJar : add quadspi
2025-05-25 14:15:23,436 [INFO] IPUIPlugin:80 - create IPUIPlugin
2025-05-25 14:15:23,438 [INFO] PluginManager:220 - loadIPPluginJar : add radio
2025-05-25 14:15:23,447 [INFO] IPUIPlugin:80 - create IPUIPlugin
2025-05-25 14:15:23,447 [INFO] PluginManager:220 - loadIPPluginJar : add resmgrutility
2025-05-25 14:15:23,478 [INFO] IPUIPlugin:80 - create IPUIPlugin
2025-05-25 14:15:23,478 [INFO] PluginManager:220 - loadIPPluginJar : add sai
2025-05-25 14:15:23,504 [INFO] IPUIPlugin:80 - create IPUIPlugin
2025-05-25 14:15:23,504 [INFO] PluginManager:220 - loadIPPluginJar : add spi
2025-05-25 14:15:23,555 [INFO] IPUIPlugin:80 - create IPUIPlugin
2025-05-25 14:15:23,555 [INFO] PluginManager:220 - loadIPPluginJar : add stm32_wpan
2025-05-25 14:15:23,575 [INFO] IPUIPlugin:80 - create IPUIPlugin
2025-05-25 14:15:23,575 [INFO] PluginManager:220 - loadIPPluginJar : add tim
2025-05-25 14:15:23,623 [INFO] IPUIPlugin:80 - create IPUIPlugin
2025-05-25 14:15:23,624 [INFO] PluginManager:220 - loadIPPluginJar : add touchsensing
2025-05-25 14:15:23,644 [INFO] IPUIPlugin:80 - create IPUIPlugin
2025-05-25 14:15:23,644 [INFO] PluginManager:220 - loadIPPluginJar : add tracer_emb
2025-05-25 14:15:23,663 [INFO] IPUIPlugin:80 - create IPUIPlugin
2025-05-25 14:15:23,664 [INFO] PluginManager:220 - loadIPPluginJar : add ts
2025-05-25 14:15:23,680 [INFO] IPUIPlugin:80 - create IPUIPlugin
2025-05-25 14:15:23,680 [INFO] PluginManager:220 - loadIPPluginJar : add tsc
2025-05-25 14:15:23,696 [INFO] IPUIPlugin:80 - create IPUIPlugin
2025-05-25 14:15:23,696 [INFO] PluginManager:220 - loadIPPluginJar : add ucpd
2025-05-25 14:15:23,724 [INFO] IPUIPlugin:80 - create IPUIPlugin
2025-05-25 14:15:23,724 [INFO] PluginManager:220 - loadIPPluginJar : add usart
2025-05-25 14:15:23,754 [INFO] IPUIPlugin:80 - create IPUIPlugin
2025-05-25 14:15:23,754 [INFO] PluginManager:220 - loadIPPluginJar : add usbx
2025-05-25 14:15:23,862 [FATAL] Updater:351 - Updater called before beeing initialized
2025-05-25 14:15:23,893 [INFO] RulesReader:64 - Compatibility file has been processed (302 Rules)
2025-05-25 14:15:23,899 [INFO] RulesReader:64 - Compatibility file has been processed (302 Rules)
2025-05-25 14:15:23,908 [INFO] CADModel:165 - CPN selected for project level
2025-05-25 14:15:23,908 [INFO] CADModel:114 - Register for checkConnection events
2025-05-25 14:15:23,908 [FATAL] Updater:351 - Updater called before beeing initialized
2025-05-25 14:15:23,908 [ERROR] CADModel:125 - Updater not yet initialized, retry later 
2025-05-25 14:15:24,009 [FATAL] Updater:351 - Updater called before beeing initialized
2025-05-25 14:15:24,010 [INFO] CADModel:165 - CPN selected for project level
2025-05-25 14:15:24,010 [INFO] CADModel:114 - Register for checkConnection events
2025-05-25 14:15:24,011 [FATAL] Updater:351 - Updater called before beeing initialized
2025-05-25 14:15:24,011 [ERROR] CADModel:125 - Updater not yet initialized, retry later 
2025-05-25 14:15:24,013 [FATAL] Updater:351 - Updater called before beeing initialized
2025-05-25 14:15:24,094 [FATAL] Updater:351 - Updater called before beeing initialized
2025-05-25 14:15:24,104 [INFO] DbMcusAds:53 - JSON generation date=Wed May 07 16:07:55 ICT 2025 (1746608875679)
2025-05-25 14:15:24,104 [FATAL] Updater:351 - Updater called before beeing initialized
2025-05-25 14:15:24,142 [WARN] DetailPanel:346 - Failed to get advertising image, set to default
2025-05-25 14:15:24,304 [FATAL] Updater:351 - Updater called before beeing initialized
2025-05-25 14:15:24,306 [FATAL] Updater:351 - Updater called before beeing initialized
2025-05-25 14:15:24,306 [FATAL] Updater:351 - Updater called before beeing initialized
2025-05-25 14:15:24,306 [WARN] DetailPanel:346 - Failed to get advertising image, set to default
2025-05-25 14:15:24,307 [FATAL] Updater:351 - Updater called before beeing initialized
2025-05-25 14:15:24,348 [ERROR] Updater:1198 - MainUpdater not yet initialized. External WinMGr cannot be set.
2025-05-25 14:15:24,355 [INFO] Updater:1134 - Updater Version found : 6.14.1
2025-05-25 14:15:24,367 [INFO] ApplicationProperties:184 - Using Application install path: C:\STM32CubeIDE_1.16.1\STM32CubeIDE\plugins\com.st.stm32cube.common.mx_6.14.1.202504091515
2025-05-25 14:15:25,012 [INFO] ThirdPartyUpdaterWithRetryManager:70 - Updater plugin not ready yet. [2/15]
2025-05-25 14:15:25,983 [INFO] MainUpdater:2872 - connection check result : 10
2025-05-25 14:15:25,983 [INFO] MainUpdater:289 - Updater Check For Update Now.
2025-05-25 14:15:25,983 [INFO] MicroXplorer:498 - Change Database Version : DB.6.0.141
2025-05-25 14:15:25,999 [INFO] McuFinderGlobals:63 - Set McuFinder mode to 2 (CubeIDE integrated)
2025-05-25 14:15:26,004 [INFO] UserAuth:484 - Internet connection configuration mode: 1
2025-05-25 14:15:26,030 [INFO] JxBrowserEngine:152 - Initiate JxBrowser Engine with user profile folder
2025-05-25 14:15:26,157 [INFO] CheckServerUpdateThread:120 - End of CheckServer Thread
2025-05-25 14:15:26,764 [INFO] WebApp:169 - Instantiating new browser for Auth
2025-05-25 14:15:27,226 [INFO] WebApp:463 - Apply proxy settings
2025-05-25 14:15:27,226 [INFO] WebApp:548 - Chromium requires no authentication
2025-05-25 14:15:27,232 [INFO] WebApp:491 - Direct internet connection detected
2025-05-25 14:15:27,249 [INFO] WebApp:894 - Register for checkConnection events
2025-05-25 14:15:27,249 [INFO] WebApp:463 - Apply proxy settings
2025-05-25 14:15:27,249 [INFO] WebApp:548 - Chromium requires no authentication
2025-05-25 14:15:27,250 [INFO] WebApp:491 - Direct internet connection detected
2025-05-25 14:15:27,377 [INFO] WebApp:225 - Starting web application
2025-05-25 14:15:27,377 [INFO] WebApp:593 - Web application path used C:\STM32CubeIDE_1.16.1\STM32CubeIDE\plugins\com.st.stm32cube.common.mx_6.14.1.202504091515\db\plugins\mcufinder\reactClient1\index.html
2025-05-25 14:15:27,465 [INFO] UserAuth:484 - Internet connection configuration mode: 1
2025-05-25 14:15:27,563 [INFO] WebApp:191 - Connection restablished
2025-05-25 14:15:28,209 [WARN] PackLoader:240 - Cannot read IP mode file for STMicroelectronics.FP-SNS-MOTENVWB1.1.4.0
2025-05-25 14:15:28,223 [WARN] PackLoader:240 - Cannot read IP mode file for STMicroelectronics.FP-ATR-ASTRA1.2.0.2
2025-05-25 14:15:28,233 [WARN] PackLoader:240 - Cannot read IP mode file for STMicroelectronics.FP-ATR-ASTRA1.2.0.1
2025-05-25 14:15:28,245 [WARN] PackLoader:240 - Cannot read IP mode file for STMicroelectronics.X-CUBE-SMBUS.2.1.0
2025-05-25 14:15:28,257 [WARN] PackLoader:240 - Cannot read IP mode file for STMicroelectronics.X-CUBE-WB05N.1.1.0
2025-05-25 14:15:28,268 [WARN] PackLoader:240 - Cannot read IP mode file for STMicroelectronics.X-CUBE-ST60.1.0.0
2025-05-25 14:15:28,295 [WARN] PackLoader:240 - Cannot read IP mode file for STMicroelectronics.X-CUBE-AZRTOS-F7.1.1.0
2025-05-25 14:15:28,338 [WARN] PackLoader:240 - Cannot read IP mode file for STMicroelectronics.X-CUBE-MEMS1.11.0.0
2025-05-25 14:15:28,416 [WARN] PackLoader:240 - Cannot read IP mode file for STMicroelectronics.FP-SNS-FLIGHT1.5.0.2
2025-05-25 14:15:28,440 [WARN] PackLoader:240 - Cannot read IP mode file for Infineon.AIROC-Wi-Fi-Bluetooth-STM32.1.7.0
2025-05-25 14:15:28,461 [WARN] PackLoader:240 - Cannot read IP mode file for STMicroelectronics.X-CUBE-DISPLAY.3.0.0
2025-05-25 14:15:28,484 [WARN] PackLoader:240 - Cannot read IP mode file for STMicroelectronics.X-CUBE-BLE1.7.0.0
2025-05-25 14:15:28,498 [WARN] PackLoader:240 - Cannot read IP mode file for STMicroelectronics.X-CUBE-NFC10.1.0.0
2025-05-25 14:15:28,513 [WARN] PackLoader:240 - Cannot read IP mode file for STMicroelectronics.X-CUBE-BLEMGR.4.0.0
2025-05-25 14:15:28,526 [WARN] PackLoader:240 - Cannot read IP mode file for emotas.I-CUBE-CANOPEN.1.3.0
2025-05-25 14:15:28,534 [WARN] ConditionMgr:438 - getConditionDescription Invalid condition id : Cortex-A Device cause : null
2025-05-25 14:15:28,551 [WARN] ConditionMgr:1044 - genDependencies : Invalid condition id : Cortex-A Device cause : null
2025-05-25 14:15:28,551 [WARN] ConditionMgr:1044 - genDependencies : Invalid condition id : Cortex-A Device cause : null
2025-05-25 14:15:28,551 [WARN] ConditionMgr:1044 - genDependencies : Invalid condition id : Cortex-A Device cause : null
2025-05-25 14:15:28,562 [WARN] PackLoader:240 - Cannot read IP mode file for STMicroelectronics.X-CUBE-BLEMGR.3.1.0
2025-05-25 14:15:28,574 [WARN] PackLoader:240 - Cannot read IP mode file for STMicroelectronics.X-CUBE-AI.10.0.0
2025-05-25 14:15:28,585 [WARN] PackLoader:240 - Cannot read IP mode file for STMicroelectronics.FP-SNS-SMARTAG2.1.2.0
2025-05-25 14:15:28,596 [WARN] PackLoader:240 - Cannot read IP mode file for STMicroelectronics.FP-SNS-FLIGHT1.5.1.0
2025-05-25 14:15:28,626 [WARN] PackLoader:240 - Cannot read IP mode file for STMicroelectronics.X-CUBE-MEMS1.11.1.0
2025-05-25 14:15:28,692 [INFO] LogOutputStream:77 - [STDOUT_REDIRECT] 1 : Invalid condition id : UX_CORESTACK_Condition cause : null
2025-05-25 14:15:28,693 [INFO] LogOutputStream:77 - [STDOUT_REDIRECT] 1 : Invalid condition id : UX_CORESTACK_Condition cause : null
2025-05-25 14:15:28,693 [INFO] LogOutputStream:77 - [STDOUT_REDIRECT] 1 : Invalid condition id : UX_CORESTACK_Condition cause : null
2025-05-25 14:15:28,694 [INFO] LogOutputStream:77 - [STDOUT_REDIRECT] 1 : Invalid condition id : UX_CORESTACK_Condition cause : null
2025-05-25 14:15:28,695 [INFO] LogOutputStream:77 - [STDOUT_REDIRECT] 1 : Invalid condition id : UX_CORESTACK_Condition cause : null
2025-05-25 14:15:28,697 [WARN] PackLoader:240 - Cannot read IP mode file for STMicroelectronics.X-CUBE-AZRTOS-WL.2.0.0
2025-05-25 14:15:28,709 [WARN] PackLoader:240 - Cannot read IP mode file for STMicroelectronics.FP-SNS-MOTENV1.5.0.0
2025-05-25 14:15:28,721 [WARN] PackLoader:240 - Cannot read IP mode file for wolfSSL.I-CUBE-wolfMQTT.1.19.0
2025-05-25 14:15:28,734 [WARN] PackLoader:240 - Cannot read IP mode file for WES.I-CUBE-Cesium.1.3.0
2025-05-25 14:15:28,747 [WARN] PackLoader:240 - Cannot read IP mode file for STMicroelectronics.X-CUBE-BLE2.3.3.0
2025-05-25 14:15:28,760 [WARN] PackLoader:240 - Cannot read IP mode file for STMicroelectronics.X-CUBE-NFC9.1.0.0
2025-05-25 14:15:28,773 [WARN] PackLoader:240 - Cannot read IP mode file for STMicroelectronics.X-CUBE-BLE1.7.1.0
2025-05-25 14:15:28,784 [WARN] PackLoader:240 - Cannot read IP mode file for wolfSSL.I-CUBE-wolfMQTT.1.19.2
2025-05-25 14:15:28,797 [WARN] PackLoader:240 - Cannot read IP mode file for STMicroelectronics.X-CUBE-TCPP.4.1.0
2025-05-25 14:15:28,830 [WARN] PackLoader:240 - Cannot read IP mode file for STMicroelectronics.X-CUBE-MEMS1.11.2.0
2025-05-25 14:15:28,890 [WARN] PackLoader:240 - Cannot read IP mode file for STMicroelectronics.X-CUBE-AZRTOS-G0.1.1.0
2025-05-25 14:15:28,902 [WARN] PackLoader:240 - Cannot read IP mode file for STMicroelectronics.X-CUBE-SAFEA1.1.2.2
2025-05-25 14:15:28,914 [WARN] PackLoader:240 - Cannot read IP mode file for STMicroelectronics.X-CUBE-NFC4.3.0.0
2025-05-25 14:15:28,927 [WARN] PackLoader:240 - Cannot read IP mode file for EmbeddedOffice.I-CUBE-FS-RTOS.1.0.1
2025-05-25 14:15:28,939 [WARN] PackLoader:240 - Cannot read IP mode file for STMicroelectronics.X-CUBE-WB05N.2.0.0
2025-05-25 14:15:28,948 [WARN] PackLoader:240 - Cannot read IP mode file for wolfSSL.I-CUBE-wolfTPM.3.8.0
2025-05-25 14:15:28,959 [WARN] PackLoader:240 - Cannot read IP mode file for STMicroelectronics.X-CUBE-TCPP.4.2.0
2025-05-25 14:15:28,970 [WARN] PackLoader:240 - Cannot read IP mode file for RealThread.X-CUBE-RT-Thread_Nano.4.1.1
2025-05-25 14:15:28,981 [WARN] PackLoader:240 - Cannot read IP mode file for STMicroelectronics.FP-ATR-SIGFOX1.3.2.0
2025-05-25 14:15:28,990 [WARN] PackLoader:240 - Cannot read IP mode file for wolfSSL.I-CUBE-wolfSSL.5.7.2
2025-05-25 14:15:28,999 [WARN] ConditionMgr:438 - getConditionDescription Invalid condition id : Cortex-A Device cause : null
2025-05-25 14:15:29,011 [WARN] ConditionMgr:1044 - genDependencies : Invalid condition id : Cortex-A Device cause : null
2025-05-25 14:15:29,011 [WARN] ConditionMgr:1044 - genDependencies : Invalid condition id : Cortex-A Device cause : null
2025-05-25 14:15:29,011 [WARN] ConditionMgr:1044 - genDependencies : Invalid condition id : Cortex-A Device cause : null
2025-05-25 14:15:29,020 [WARN] PackLoader:240 - Cannot read IP mode file for STMicroelectronics.X-CUBE-EEPRMA1.5.1.0
2025-05-25 14:15:29,030 [WARN] PackLoader:240 - Cannot read IP mode file for wolfSSL.I-CUBE-wolfSSL.5.7.6
2025-05-25 14:15:29,041 [WARN] PackLoader:240 - Cannot read IP mode file for ITTIA_DB.I-CUBE-ITTIADB.8.9.0
2025-05-25 14:15:29,072 [WARN] PackLoader:240 - Cannot read IP mode file for SEGGER.I-CUBE-embOS.1.3.1
2025-05-25 14:15:29,116 [WARN] PackLoader:240 - Cannot read IP mode file for STMicroelectronics.X-CUBE-ALGOBUILD.1.4.0
2025-05-25 14:15:29,128 [WARN] PackLoader:240 - Cannot read IP mode file for STMicroelectronics.X-CUBE-AI.9.1.0
2025-05-25 14:15:29,147 [WARN] PackLoader:240 - Cannot read IP mode file for STMicroelectronics.X-CUBE-AZRTOS-F4.1.1.0
2025-05-25 14:15:29,158 [WARN] PackLoader:240 - Cannot read IP mode file for Avnet-IotConnect.X-CUBE-IoTC-DA16k-PMOD.1.0.0
2025-05-25 14:15:29,167 [WARN] PackLoader:240 - Cannot read IP mode file for STMicroelectronics.X-CUBE-ISPU.2.1.0
2025-05-25 14:15:29,178 [WARN] PackLoader:240 - Cannot read IP mode file for STMicroelectronics.X-CUBE-FREERTOS.1.2.0
2025-05-25 14:15:29,199 [WARN] PackLoader:240 - Cannot read IP mode file for STMicroelectronics.X-CUBE-AZRTOS-L5.2.0.0
2025-05-25 14:15:29,212 [WARN] PackLoader:240 - Cannot read IP mode file for STMicroelectronics.X-CUBE-NFC6.3.1.0
2025-05-25 14:15:29,251 [WARN] PackLoader:240 - Cannot read IP mode file for STMicroelectronics.X-CUBE-DPower.1.2.0
2025-05-25 14:15:29,262 [WARN] PackLoader:240 - Cannot read IP mode file for STMicroelectronics.X-CUBE-FREERTOS.1.3.1
2025-05-25 14:15:29,272 [WARN] PackLoader:240 - Cannot read IP mode file for STMicroelectronics.X-CUBE-FREERTOS.1.3.0
2025-05-25 14:15:29,283 [WARN] PackLoader:240 - Cannot read IP mode file for STMicroelectronics.X-CUBE-NFC7.1.0.1
2025-05-25 14:15:29,293 [WARN] PackLoader:240 - Cannot read IP mode file for STMicroelectronics.X-CUBE-DPower.1.3.0
2025-05-25 14:15:29,312 [WARN] ConditionMgr:438 - getConditionDescription Invalid condition id : LAN8742 Phy interface Condition cause : null
2025-05-25 14:15:29,312 [WARN] PackLoader:240 - Cannot read IP mode file for STMicroelectronics.X-CUBE-AZRTOS-L4.2.0.0
2025-05-25 14:15:29,313 [WARN] ConditionMgr:1044 - genDependencies : Invalid condition id : LAN8742 Phy interface Condition cause : null
2025-05-25 14:15:29,313 [WARN] ConditionMgr:1044 - genDependencies : Invalid condition id : LAN8742 Phy interface Condition cause : null
2025-05-25 14:15:29,314 [WARN] ConditionMgr:1044 - genDependencies : Invalid condition id : LAN8742 Phy interface Condition cause : null
2025-05-25 14:15:29,362 [WARN] PackLoader:240 - Cannot read IP mode file for STMicroelectronics.X-CUBE-SFXS2LP1.4.0.0
2025-05-25 14:15:29,381 [WARN] PackLoader:240 - Cannot read IP mode file for STMicroelectronics.X-CUBE-AZRTOS-H7.3.3.0
2025-05-25 14:15:29,396 [WARN] PackLoader:240 - Cannot read IP mode file for STMicroelectronics.X-CUBE-IPS.3.0.0
2025-05-25 14:15:29,412 [WARN] ConditionMgr:438 - getConditionDescription Invalid condition id : UX DEVICE CLASS RTOS Condition cause : null
2025-05-25 14:15:29,412 [WARN] ConditionMgr:438 - getConditionDescription Invalid condition id : UX DEVICE CLASS RTOS Condition cause : null
2025-05-25 14:15:29,414 [WARN] PackLoader:240 - Cannot read IP mode file for STMicroelectronics.X-CUBE-AZRTOS-WB.2.0.0
2025-05-25 14:15:29,414 [WARN] ConditionMgr:1044 - genDependencies : Invalid condition id : UX DEVICE CLASS RTOS Condition cause : null
2025-05-25 14:15:29,414 [WARN] ConditionMgr:1044 - genDependencies : Invalid condition id : UX DEVICE CLASS RTOS Condition cause : null
2025-05-25 14:15:29,414 [WARN] ConditionMgr:1044 - genDependencies : Invalid condition id : UX DEVICE CLASS RTOS Condition cause : null
2025-05-25 14:15:29,414 [WARN] ConditionMgr:1044 - genDependencies : Invalid condition id : UX DEVICE CLASS RTOS Condition cause : null
2025-05-25 14:15:29,414 [WARN] ConditionMgr:1044 - genDependencies : Invalid condition id : UX DEVICE CLASS RTOS Condition cause : null
2025-05-25 14:15:29,426 [WARN] PackLoader:240 - Cannot read IP mode file for STMicroelectronics.X-CUBE-GNSS1.7.0.0
2025-05-25 14:15:29,436 [WARN] PackLoader:240 - Cannot read IP mode file for STMicroelectronics.X-CUBE-GNSS1.7.0.1
2025-05-25 14:15:29,448 [WARN] PackLoader:240 - Cannot read IP mode file for STMicroelectronics.X-CUBE-TOUCHGFX.4.25.0
2025-05-25 14:15:29,458 [WARN] PackLoader:240 - Cannot read IP mode file for STMicroelectronics.FP-SNS-STBOX1.2.0.0
2025-05-25 14:15:29,471 [WARN] PackLoader:240 - Cannot read IP mode file for STMicroelectronics.X-CUBE-SUBG2.5.0.0
2025-05-25 14:15:29,490 [WARN] PackLoader:240 - Cannot read IP mode file for STMicroelectronics.X-CUBE-AZRTOS-H7RS.1.1.0
2025-05-25 14:15:29,501 [WARN] PackLoader:240 - Cannot read IP mode file for Cesanta.I-CUBE-Mongoose.7.13.0
2025-05-25 14:15:29,515 [WARN] PackLoader:240 - Cannot read IP mode file for STMicroelectronics.X-CUBE-AZRTOS-G4.2.0.0
2025-05-25 14:15:29,526 [WARN] PackLoader:240 - Cannot read IP mode file for wolfSSL.I-CUBE-wolfSSH.1.4.20
2025-05-25 14:15:29,534 [WARN] PackLoader:240 - Cannot read IP mode file for STMicroelectronics.X-CUBE-NFC7.2.0.0
2025-05-25 14:15:29,547 [WARN] PackLoader:240 - Cannot read IP mode file for STMicroelectronics.X-CUBE-IPS.3.1.0
2025-05-25 14:15:29,557 [WARN] PackLoader:240 - Cannot read IP mode file for STMicroelectronics.X-CUBE-ALS.1.0.2
2025-05-25 14:15:29,567 [WARN] PackLoader:240 - Cannot read IP mode file for STMicroelectronics.X-CUBE-TOUCHGFX.4.24.2
2025-05-25 14:15:29,577 [WARN] PackLoader:240 - Cannot read IP mode file for STMicroelectronics.X-CUBE-TOUCHGFX.4.24.1
2025-05-25 14:15:29,586 [WARN] PackLoader:240 - Cannot read IP mode file for wolfSSL.I-CUBE-wolfTPM.3.4.0
2025-05-25 14:15:29,596 [WARN] PackLoader:240 - Cannot read IP mode file for portGmbH.I-Cube-SoM-uGOAL.1.1.0
2025-05-25 14:15:29,617 [WARN] PackLoader:240 - Cannot read IP mode file for STMicroelectronics.X-CUBE-AZRTOS-H7RS.1.0.0
2025-05-25 14:15:29,627 [WARN] PackLoader:240 - Cannot read IP mode file for STMicroelectronics.FP-ATR-ASTRA1.2.0.0
2025-05-25 14:15:29,640 [WARN] PackLoader:240 - Cannot read IP mode file for STMicroelectronics.X-CUBE-TOF1.3.4.2
2025-05-25 14:15:29,655 [WARN] PackLoader:240 - Cannot read IP mode file for STMicroelectronics.X-CUBE-TOF1.3.4.3
2025-05-25 14:15:29,675 [WARN] PackLoader:240 - Cannot read IP mode file for Infineon.AIROC-Wi-Fi-Bluetooth-STM32.1.6.1
2025-05-25 14:15:29,686 [WARN] PackLoader:240 - Cannot read IP mode file for wolfSSL.I-CUBE-wolfSSH.1.4.17
2025-05-25 14:15:29,686 [INFO] ThirdParty:978 - Integrity check success = true
2025-05-25 14:15:29,686 [INFO] IntegrityCheckThread:100 - exiting critical section [integrity check]
2025-05-25 14:15:29,686 [INFO] IntegrityCheckThread:103 - End integrity checks thread
2025-05-25 14:17:19,424 [INFO] WebApp:194 - Connection lost
2025-05-25 14:17:19,604 [INFO] WebApp:191 - Connection restablished
2025-05-25 14:20:37,908 [INFO] WebApp:194 - Connection lost
2025-05-25 14:20:38,099 [INFO] WebApp:191 - Connection restablished
2025-05-25 14:22:07,923 [INFO] WebApp:194 - Connection lost
2025-05-25 14:22:08,100 [INFO] WebApp:191 - Connection restablished
2025-05-25 14:24:47,931 [INFO] WebApp:194 - Connection lost
2025-05-25 14:24:48,103 [INFO] WebApp:191 - Connection restablished
2025-05-25 14:24:59,926 [INFO] WebApp:194 - Connection lost
2025-05-25 14:25:00,101 [INFO] WebApp:191 - Connection restablished
2025-05-25 14:26:07,916 [INFO] WebApp:194 - Connection lost
2025-05-25 14:26:08,094 [INFO] WebApp:191 - Connection restablished
2025-05-25 14:42:42,916 [INFO] WebApp:194 - Connection lost
2025-05-25 14:42:43,106 [INFO] WebApp:191 - Connection restablished
2025-05-25 14:42:58,416 [INFO] WebApp:194 - Connection lost
2025-05-25 14:42:58,603 [INFO] WebApp:191 - Connection restablished
2025-05-25 14:43:38,432 [INFO] WebApp:194 - Connection lost
2025-05-25 14:43:38,916 [INFO] WebApp:191 - Connection restablished
2025-05-25 14:44:41,920 [INFO] WebApp:194 - Connection lost
2025-05-25 14:44:42,097 [INFO] WebApp:191 - Connection restablished
2025-05-25 14:47:47,415 [INFO] WebApp:194 - Connection lost
2025-05-25 14:47:47,618 [INFO] WebApp:191 - Connection restablished
2025-05-25 14:48:46,573 [INFO] WebApp:194 - Connection lost
2025-05-25 14:48:46,749 [INFO] WebApp:191 - Connection restablished
2025-05-25 15:02:18,916 [INFO] WebApp:194 - Connection lost
2025-05-25 15:02:19,103 [INFO] WebApp:191 - Connection restablished
2025-05-25 15:03:14,918 [INFO] WebApp:194 - Connection lost
2025-05-25 15:03:15,101 [INFO] WebApp:191 - Connection restablished
2025-05-25 15:04:08,409 [INFO] WebApp:194 - Connection lost
2025-05-25 15:04:08,609 [INFO] WebApp:191 - Connection restablished
2025-05-25 15:04:45,402 [INFO] WebApp:194 - Connection lost
2025-05-25 15:04:45,592 [INFO] WebApp:191 - Connection restablished
2025-05-25 15:07:47,919 [INFO] WebApp:194 - Connection lost
2025-05-25 15:07:48,093 [INFO] WebApp:191 - Connection restablished
2025-05-25 15:08:12,419 [INFO] WebApp:194 - Connection lost
2025-05-25 15:08:12,587 [INFO] WebApp:191 - Connection restablished
2025-05-25 15:09:38,421 [INFO] WebApp:194 - Connection lost
2025-05-25 15:09:38,607 [INFO] WebApp:191 - Connection restablished
2025-05-25 15:10:07,408 [INFO] WebApp:194 - Connection lost
2025-05-25 15:10:07,575 [INFO] WebApp:191 - Connection restablished
2025-05-25 15:11:10,412 [INFO] WebApp:194 - Connection lost
2025-05-25 15:11:10,613 [INFO] WebApp:191 - Connection restablished
2025-05-25 15:12:26,911 [INFO] WebApp:194 - Connection lost
2025-05-25 15:12:27,086 [INFO] WebApp:191 - Connection restablished
2025-05-25 15:15:08,929 [INFO] WebApp:194 - Connection lost
2025-05-25 15:15:09,139 [INFO] WebApp:191 - Connection restablished
2025-05-25 15:20:12,932 [INFO] WebApp:194 - Connection lost
2025-05-25 15:20:13,131 [INFO] WebApp:191 - Connection restablished
2025-05-25 15:20:37,917 [INFO] WebApp:194 - Connection lost
2025-05-25 15:20:38,115 [INFO] WebApp:191 - Connection restablished
2025-05-25 15:21:08,911 [INFO] WebApp:194 - Connection lost
2025-05-25 15:21:09,106 [INFO] WebApp:191 - Connection restablished
2025-05-25 15:31:53,425 [INFO] WebApp:194 - Connection lost
2025-05-25 15:31:53,593 [INFO] WebApp:191 - Connection restablished
2025-05-25 15:32:09,928 [INFO] WebApp:194 - Connection lost
2025-05-25 15:32:10,104 [INFO] WebApp:191 - Connection restablished
2025-05-25 15:33:10,932 [INFO] WebApp:194 - Connection lost
2025-05-25 15:33:11,155 [INFO] WebApp:191 - Connection restablished
2025-05-25 15:33:32,916 [INFO] WebApp:194 - Connection lost
2025-05-25 15:33:33,097 [INFO] WebApp:191 - Connection restablished
2025-05-25 15:36:37,917 [INFO] WebApp:194 - Connection lost
2025-05-25 15:36:38,086 [INFO] WebApp:191 - Connection restablished
2025-05-25 15:38:28,927 [INFO] WebApp:194 - Connection lost
2025-05-25 15:38:29,098 [INFO] WebApp:191 - Connection restablished
2025-05-25 15:39:08,412 [INFO] WebApp:194 - Connection lost
2025-05-25 15:39:08,591 [INFO] WebApp:191 - Connection restablished
2025-05-25 15:39:39,411 [INFO] WebApp:194 - Connection lost
2025-05-25 15:39:39,574 [INFO] WebApp:191 - Connection restablished
2025-05-25 15:39:56,423 [INFO] WebApp:194 - Connection lost
2025-05-25 15:39:56,586 [INFO] WebApp:191 - Connection restablished
2025-05-25 15:42:58,424 [INFO] WebApp:194 - Connection lost
2025-05-25 15:42:58,653 [INFO] WebApp:191 - Connection restablished
2025-05-25 15:43:10,414 [INFO] WebApp:194 - Connection lost
2025-05-25 15:43:10,571 [INFO] WebApp:191 - Connection restablished
2025-05-25 15:45:09,406 [INFO] WebApp:194 - Connection lost
2025-05-25 15:45:09,580 [INFO] WebApp:191 - Connection restablished
2025-05-25 16:01:45,415 [INFO] WebApp:194 - Connection lost
2025-05-25 16:01:45,620 [INFO] WebApp:191 - Connection restablished
2025-05-25 16:02:02,912 [INFO] WebApp:194 - Connection lost
2025-05-25 16:02:03,078 [INFO] WebApp:191 - Connection restablished
2025-05-25 16:02:39,413 [INFO] WebApp:194 - Connection lost
2025-05-25 16:02:39,590 [INFO] WebApp:191 - Connection restablished
2025-05-25 16:03:34,424 [INFO] WebApp:194 - Connection lost
2025-05-25 16:03:35,895 [INFO] WebApp:191 - Connection restablished
2025-05-25 16:03:38,910 [INFO] WebApp:194 - Connection lost
2025-05-25 16:03:39,095 [INFO] WebApp:191 - Connection restablished
2025-05-25 16:06:41,918 [INFO] WebApp:194 - Connection lost
2025-05-25 16:06:42,095 [INFO] WebApp:191 - Connection restablished
2025-05-25 16:07:08,403 [INFO] WebApp:194 - Connection lost
2025-05-25 16:07:08,579 [INFO] WebApp:191 - Connection restablished
2025-05-25 16:08:09,400 [INFO] WebApp:194 - Connection lost
2025-05-25 16:08:09,643 [INFO] WebApp:191 - Connection restablished
2025-05-25 16:08:39,423 [INFO] WebApp:194 - Connection lost
2025-05-25 16:08:39,614 [INFO] WebApp:191 - Connection restablished
2025-05-25 16:22:31,922 [INFO] WebApp:194 - Connection lost
2025-05-25 16:22:32,164 [INFO] WebApp:191 - Connection restablished
2025-05-25 16:23:28,913 [INFO] WebApp:194 - Connection lost
2025-05-25 16:23:29,089 [INFO] WebApp:191 - Connection restablished
2025-05-25 16:24:09,900 [INFO] WebApp:194 - Connection lost
2025-05-25 16:24:10,069 [INFO] WebApp:191 - Connection restablished
2025-05-25 16:36:37,421 [INFO] WebApp:194 - Connection lost
2025-05-25 16:36:37,593 [INFO] WebApp:191 - Connection restablished
2025-05-25 16:37:05,912 [INFO] WebApp:194 - Connection lost
2025-05-25 16:37:06,067 [INFO] WebApp:191 - Connection restablished
2025-05-25 16:37:39,917 [INFO] WebApp:194 - Connection lost
2025-05-25 16:37:40,105 [INFO] WebApp:191 - Connection restablished
2025-05-25 16:38:17,914 [INFO] WebApp:194 - Connection lost
2025-05-25 16:38:18,083 [INFO] WebApp:191 - Connection restablished
2025-05-25 16:38:34,423 [INFO] WebApp:194 - Connection lost
2025-05-25 16:38:34,595 [INFO] WebApp:191 - Connection restablished
2025-05-25 16:41:37,412 [INFO] WebApp:194 - Connection lost
2025-05-25 16:41:37,618 [INFO] WebApp:191 - Connection restablished
2025-05-25 16:42:36,917 [INFO] WebApp:194 - Connection lost
2025-05-25 16:42:37,091 [INFO] WebApp:191 - Connection restablished
2025-05-25 16:43:09,916 [INFO] WebApp:194 - Connection lost
2025-05-25 16:43:10,130 [INFO] WebApp:191 - Connection restablished
2025-05-25 16:49:46,417 [INFO] WebApp:194 - Connection lost
2025-05-25 16:49:46,619 [INFO] WebApp:191 - Connection restablished
2025-05-25 16:50:39,924 [INFO] WebApp:194 - Connection lost
2025-05-25 16:50:40,114 [INFO] WebApp:191 - Connection restablished
2025-05-25 16:50:49,915 [INFO] WebApp:194 - Connection lost
2025-05-25 16:50:50,104 [INFO] WebApp:191 - Connection restablished
2025-05-25 16:53:17,917 [INFO] WebApp:194 - Connection lost
2025-05-25 16:53:18,120 [INFO] WebApp:191 - Connection restablished
2025-05-25 16:55:12,901 [INFO] WebApp:194 - Connection lost
2025-05-25 16:55:13,323 [INFO] WebApp:191 - Connection restablished
2025-05-25 16:56:10,410 [INFO] WebApp:194 - Connection lost
2025-05-25 16:56:10,613 [INFO] WebApp:191 - Connection restablished
2025-05-25 16:57:09,901 [INFO] WebApp:194 - Connection lost
2025-05-25 16:57:10,092 [INFO] WebApp:191 - Connection restablished
2025-05-25 16:57:36,421 [INFO] WebApp:194 - Connection lost
2025-05-25 16:57:36,594 [INFO] WebApp:191 - Connection restablished
2025-05-25 17:00:41,417 [INFO] WebApp:194 - Connection lost
2025-05-25 17:00:41,596 [INFO] WebApp:191 - Connection restablished
2025-05-25 17:01:27,923 [INFO] WebApp:194 - Connection lost
2025-05-25 17:01:28,111 [INFO] WebApp:191 - Connection restablished
2025-05-25 17:02:09,909 [INFO] WebApp:194 - Connection lost
2025-05-25 17:02:10,140 [INFO] WebApp:191 - Connection restablished
2025-05-25 17:02:28,936 [INFO] WebApp:194 - Connection lost
2025-05-25 17:02:29,119 [INFO] WebApp:191 - Connection restablished
2025-05-25 17:05:30,918 [INFO] WebApp:194 - Connection lost
2025-05-25 17:05:31,097 [INFO] WebApp:191 - Connection restablished
2025-05-25 17:06:42,914 [INFO] WebApp:194 - Connection lost
2025-05-25 17:06:43,095 [INFO] WebApp:191 - Connection restablished
2025-05-25 17:07:39,911 [INFO] WebApp:194 - Connection lost
2025-05-25 17:07:40,088 [INFO] WebApp:191 - Connection restablished
2025-05-25 17:10:19,423 [INFO] WebApp:194 - Connection lost
2025-05-25 17:10:19,590 [INFO] WebApp:191 - Connection restablished
2025-05-25 17:10:38,395 [INFO] WebApp:194 - Connection lost
2025-05-25 17:10:38,573 [INFO] WebApp:191 - Connection restablished
2025-05-25 17:10:47,409 [INFO] WebApp:194 - Connection lost
2025-05-25 17:10:47,594 [INFO] WebApp:191 - Connection restablished
2025-05-25 17:26:24,414 [INFO] WebApp:194 - Connection lost
2025-05-25 17:26:24,625 [INFO] WebApp:191 - Connection restablished
2025-05-25 17:27:42,922 [INFO] WebApp:194 - Connection lost
2025-05-25 17:27:43,101 [INFO] WebApp:191 - Connection restablished
2025-05-25 17:28:40,414 [INFO] WebApp:194 - Connection lost
2025-05-25 17:28:40,634 [INFO] WebApp:191 - Connection restablished
2025-05-25 17:29:07,411 [INFO] WebApp:194 - Connection lost
2025-05-25 17:29:07,579 [INFO] WebApp:191 - Connection restablished
2025-05-25 17:32:06,918 [INFO] WebApp:194 - Connection lost
2025-05-25 17:32:07,100 [INFO] WebApp:191 - Connection restablished
2025-05-25 17:32:33,407 [INFO] WebApp:194 - Connection lost
2025-05-25 17:32:33,585 [INFO] WebApp:191 - Connection restablished
2025-05-25 17:33:15,410 [INFO] WebApp:194 - Connection lost
2025-05-25 17:33:15,599 [INFO] WebApp:191 - Connection restablished
2025-05-25 17:34:10,416 [INFO] WebApp:194 - Connection lost
2025-05-25 17:34:10,635 [INFO] WebApp:191 - Connection restablished
2025-05-25 17:34:30,433 [INFO] WebApp:194 - Connection lost
2025-05-25 17:34:30,603 [INFO] WebApp:191 - Connection restablished
2025-05-25 17:37:33,916 [INFO] WebApp:194 - Connection lost
2025-05-25 17:37:34,091 [INFO] WebApp:191 - Connection restablished
2025-05-25 17:37:41,402 [INFO] WebApp:194 - Connection lost
2025-05-25 17:37:41,562 [INFO] WebApp:191 - Connection restablished
2025-05-25 17:39:40,416 [INFO] WebApp:194 - Connection lost
2025-05-25 17:39:40,604 [INFO] WebApp:191 - Connection restablished
2025-05-25 17:40:29,906 [INFO] WebApp:194 - Connection lost
2025-05-25 17:40:30,099 [INFO] WebApp:191 - Connection restablished
2025-05-25 17:41:50,431 [INFO] WebApp:194 - Connection lost
2025-05-25 17:41:50,626 [INFO] WebApp:191 - Connection restablished
2025-05-25 17:43:20,922 [INFO] WebApp:194 - Connection lost
2025-05-25 17:43:21,094 [INFO] WebApp:191 - Connection restablished
2025-05-25 17:45:10,932 [INFO] WebApp:194 - Connection lost
2025-05-25 17:45:11,109 [INFO] WebApp:191 - Connection restablished
2025-05-25 17:57:01,414 [INFO] WebApp:194 - Connection lost
2025-05-25 17:57:01,597 [INFO] WebApp:191 - Connection restablished
2025-05-25 17:57:13,915 [INFO] WebApp:194 - Connection lost
2025-05-25 17:57:14,090 [INFO] WebApp:191 - Connection restablished
2025-05-25 17:58:10,912 [INFO] WebApp:194 - Connection lost
2025-05-25 17:58:11,091 [INFO] WebApp:191 - Connection restablished
2025-05-25 18:06:10,736 [INFO] WebApp:194 - Connection lost
2025-05-25 18:06:17,589 [INFO] WebApp:191 - Connection restablished
2025-05-25 18:06:33,497 [INFO] WebApp:403 - JxBrowser engine has been closed 
2025-05-25 18:06:37,578 [ERROR] LogOutputStream:75 - [STDERR_REDIRECT] 
