2025-05-24 18:29:10,429 [INFO] Activator:176 - 


2025-05-24 18:29:10,433 [INFO] Activator:177 - !SESSION log4j initialized
2025-05-24 18:29:14,961 [INFO] LogOutputStream:77 - [STDOUT_REDIRECT] 
2025-05-24 18:29:17,014 [INFO] ApplicationProperties:184 - Using Application install path: C:\STM32CubeIDE_1.16.1\STM32CubeIDE\plugins\com.st.stm32cube.common.mx_6.14.1.202504091515
2025-05-24 18:29:17,028 [INFO] DbMcusXml:78 - Set database path to: C:\STM32CubeIDE_1.16.1\STM32CubeIDE\plugins\com.st.stm32cube.common.mx_6.14.1.202504091515\\db\/mcu/
2025-05-24 18:29:17,029 [INFO] ApiDb:274 - Set plugin database path to: C:\STM32CubeIDE_1.16.1\STM32CubeIDE\plugins\com.st.stm32cube.common.mx_6.14.1.202504091515\\db\/plugins/boardmanager/
2025-05-24 18:29:17,029 [WARN] ApiDb:259 - Overriding images path with different value:  => C:\STM32CubeIDE_1.16.1\STM32CubeIDE\plugins\com.st.stm32cube.common.mx_6.14.1.202504091515\\db\/plugins/mcufinder/images/
2025-05-24 18:29:17,041 [INFO] ApiDb:250 - Set database path to: C:\Users\spwkp\.stmcufinder\plugins\mcufinder//mcu/
2025-05-24 18:29:17,042 [INFO] DbMcusAds:125 - Set database path to: C:\Users\spwkp\.stmcufinder\plugins\mcufinder//mcu/
2025-05-24 18:29:17,043 [INFO] CrossReferenceDbSqlite:203 - Set database path to: C:\Users\spwkp\.stmcufinder\plugins\mcufinder//mcu/cs/
2025-05-24 18:29:17,143 [INFO] RulesReader:64 - Compatibility file has been processed (302 Rules)
2025-05-24 18:29:17,198 [INFO] DbMcusXml:78 - Set database path to: C:\STM32CubeIDE_1.16.1\STM32CubeIDE\plugins\com.st.stm32cube.common.mx_6.14.1.202504091515\\db\/mcu/
2025-05-24 18:29:17,198 [INFO] ApiDb:274 - Set plugin database path to: C:\STM32CubeIDE_1.16.1\STM32CubeIDE\plugins\com.st.stm32cube.common.mx_6.14.1.202504091515\\db\/plugins/boardmanager/
2025-05-24 18:29:17,198 [INFO] ApiDb:261 - Set plugin images path to: C:\STM32CubeIDE_1.16.1\STM32CubeIDE\plugins\com.st.stm32cube.common.mx_6.14.1.202504091515\\db\/plugins/mcufinder/images/
2025-05-24 18:29:17,198 [WARN] DbFile:41 - Overriding database path with different value: C:\Users\spwkp\.stmcufinder\plugins\mcufinder/ => C:\Users\spwkp\.stmcufinder\plugins\mcufinder
2025-05-24 18:29:17,198 [INFO] ApiDb:250 - Set database path to: C:\Users\spwkp\.stmcufinder\plugins\mcufinder//mcu/
2025-05-24 18:29:17,199 [WARN] DbFile:41 - Overriding database path with different value: C:\Users\spwkp\.stmcufinder\plugins\mcufinder/ => C:\Users\spwkp\.stmcufinder\plugins\mcufinder
2025-05-24 18:29:17,199 [INFO] DbMcusAds:125 - Set database path to: C:\Users\spwkp\.stmcufinder\plugins\mcufinder//mcu/
2025-05-24 18:29:17,199 [WARN] DbFile:41 - Overriding database path with different value: C:\Users\spwkp\.stmcufinder\plugins\mcufinder/ => C:\Users\spwkp\.stmcufinder\plugins\mcufinder
2025-05-24 18:29:17,199 [WARN] DbFile:41 - Overriding database path with different value: C:\Users\spwkp\.stmcufinder\plugins\mcufinder/ => C:\Users\spwkp\.stmcufinder\plugins\mcufinder
2025-05-24 18:29:17,199 [INFO] CrossReferenceDbSqlite:203 - Set database path to: C:\Users\spwkp\.stmcufinder\plugins\mcufinder//mcu/cs/
2025-05-24 18:29:17,269 [INFO] MainPanel:272 - HeapMemory: 268435456
2025-05-24 18:29:17,338 [INFO] DbMcusXml:78 - Set database path to: C:\STM32CubeIDE_1.16.1\STM32CubeIDE\plugins\com.st.stm32cube.common.mx_6.14.1.202504091515\\db\/mcu/
2025-05-24 18:29:17,338 [INFO] ApiDb:274 - Set plugin database path to: C:\STM32CubeIDE_1.16.1\STM32CubeIDE\plugins\com.st.stm32cube.common.mx_6.14.1.202504091515\\db\/plugins/boardmanager/
2025-05-24 18:29:17,338 [INFO] ApiDb:261 - Set plugin images path to: C:\STM32CubeIDE_1.16.1\STM32CubeIDE\plugins\com.st.stm32cube.common.mx_6.14.1.202504091515\\db\/plugins/mcufinder/images/
2025-05-24 18:29:17,339 [WARN] DbFile:41 - Overriding database path with different value: C:\Users\spwkp\.stmcufinder\plugins\mcufinder/ => C:\Users\spwkp\.stmcufinder\plugins\mcufinder
2025-05-24 18:29:17,339 [INFO] ApiDb:250 - Set database path to: C:\Users\spwkp\.stmcufinder\plugins\mcufinder//mcu/
2025-05-24 18:29:17,339 [WARN] DbFile:41 - Overriding database path with different value: C:\Users\spwkp\.stmcufinder\plugins\mcufinder/ => C:\Users\spwkp\.stmcufinder\plugins\mcufinder
2025-05-24 18:29:17,339 [INFO] DbMcusAds:125 - Set database path to: C:\Users\spwkp\.stmcufinder\plugins\mcufinder//mcu/
2025-05-24 18:29:17,339 [WARN] DbFile:41 - Overriding database path with different value: C:\Users\spwkp\.stmcufinder\plugins\mcufinder/ => C:\Users\spwkp\.stmcufinder\plugins\mcufinder
2025-05-24 18:29:17,339 [WARN] DbFile:41 - Overriding database path with different value: C:\Users\spwkp\.stmcufinder\plugins\mcufinder/ => C:\Users\spwkp\.stmcufinder\plugins\mcufinder
2025-05-24 18:29:17,339 [INFO] CrossReferenceDbSqlite:203 - Set database path to: C:\Users\spwkp\.stmcufinder\plugins\mcufinder//mcu/cs/
2025-05-24 18:29:17,351 [INFO] ApplicationProperties:184 - Using Application install path: C:\STM32CubeIDE_1.16.1\STM32CubeIDE\plugins\com.st.stm32cube.common.mx_6.14.1.202504091515
2025-05-24 18:29:17,352 [INFO] PluginManage:196 - Search for loadable plugins [exclusion list=, ]
2025-05-24 18:29:17,353 [INFO] PluginManage:310 - Check plugin analytics
2025-05-24 18:29:17,476 [INFO] AnalyticsPlugin:253 - Accepted Software Licenses: STM32CubeMX.6.4.0,STM32CubeMX.6.12.1
2025-05-24 18:29:17,476 [INFO] AnalyticsPlugin:255 - Accepted CMSIS Pack Licenses: ARM.CMSIS.6.0.0,ARM.CMSIS-DSP.1.15.0
2025-05-24 18:29:17,476 [INFO] AnalyticsPlugin:257 - Accepted Firmware Licenses: FW.G4.1.6.0,FW.G4.1.5.0,FW.U5.1.0.0,FW.WB.1.13.0
2025-05-24 18:29:17,479 [INFO] PluginManage:359 - Loaded plugin analytics (category:tool,tabindex:-1)
2025-05-24 18:29:17,479 [INFO] PluginManage:310 - Check plugin cadmodel
2025-05-24 18:29:17,493 [INFO] CADModel:105 - Init CAD model plugin
2025-05-24 18:29:17,493 [INFO] PluginManage:359 - Loaded plugin cadmodel (category:power,tabindex:5)
2025-05-24 18:29:17,493 [INFO] PluginManage:310 - Check plugin clock
2025-05-24 18:29:17,508 [INFO] PluginManage:359 - Loaded plugin clock (category:base,tabindex:2)
2025-05-24 18:29:17,509 [INFO] PluginManage:310 - Check plugin ddr
2025-05-24 18:29:17,511 [INFO] PluginManage:359 - Loaded plugin ddr (category:tool,tabindex:6)
2025-05-24 18:29:17,511 [INFO] PluginManage:310 - Check plugin filemanager
2025-05-24 18:29:17,617 [INFO] PluginManage:359 - Loaded plugin filemanager (category:base,tabindex:10)
2025-05-24 18:29:17,617 [INFO] PluginManage:310 - Check plugin ipmanager
2025-05-24 18:29:17,621 [INFO] PluginManage:359 - Loaded plugin ipmanager (category:base,tabindex:5)
2025-05-24 18:29:17,622 [INFO] PluginManage:310 - Check plugin lpbam
2025-05-24 18:29:17,635 [INFO] PluginManage:359 - Loaded plugin lpbam (category:base,tabindex:0)
2025-05-24 18:29:17,637 [INFO] PluginManage:310 - Check plugin memorymap
2025-05-24 18:29:17,652 [INFO] PluginManage:359 - Loaded plugin memorymap (category:base,tabindex:4)
2025-05-24 18:29:17,652 [INFO] PluginManage:310 - Check plugin pinoutandconfiguration
2025-05-24 18:29:17,664 [INFO] PluginManage:359 - Loaded plugin pinoutandconfiguration (category:base,tabindex:1)
2025-05-24 18:29:17,664 [INFO] PluginManage:310 - Check plugin pinoutconfig
2025-05-24 18:29:17,733 [WARN] SupportedApi:132 - Cannot load RTOS API schema: s4s-elt-must-match.1: The content of 'definitions' must match (annotation?, (simpleType | complexType)?, (unique | key | keyref)*)). A problem was found starting at: attribute.
2025-05-24 18:29:17,824 [INFO] PluginManage:359 - Loaded plugin pinoutconfig (category:base,tabindex:0)
2025-05-24 18:29:17,824 [INFO] PluginManage:310 - Check plugin power
2025-05-24 18:29:17,838 [INFO] PluginManage:359 - Loaded plugin power (category:power,tabindex:4)
2025-05-24 18:29:17,838 [INFO] PluginManage:310 - Check plugin projectmanager
2025-05-24 18:29:17,849 [INFO] PluginManage:359 - Loaded plugin projectmanager (category:projectmanager,tabindex:4)
2025-05-24 18:29:17,849 [INFO] PluginManage:310 - Check plugin rif
2025-05-24 18:29:17,863 [INFO] PluginManage:359 - Loaded plugin rif (category:base,tabindex:3)
2025-05-24 18:29:17,863 [INFO] PluginManage:310 - Check plugin thirdparty
2025-05-24 18:29:18,079 [INFO] PluginManage:359 - Loaded plugin thirdparty (category:base,tabindex:-1)
2025-05-24 18:29:18,079 [INFO] PluginManage:310 - Check plugin tools
2025-05-24 18:29:18,079 [WARN] IntegrityCheckThread:84 - waiting for thirdparty lock release [integrity check]
2025-05-24 18:29:18,079 [INFO] IntegrityCheckThread:86 - entering critical section [integrity check]
2025-05-24 18:29:18,080 [INFO] ThirdPartyUpdaterWithRetryManager:70 - Updater plugin not ready yet. [1/15]
2025-05-24 18:29:18,106 [INFO] PluginManage:359 - Loaded plugin tools (category:base,tabindex:7)
2025-05-24 18:29:18,106 [INFO] PluginManage:310 - Check plugin tutovideos
2025-05-24 18:29:18,231 [INFO] PluginManage:359 - Loaded plugin tutovideos (category:base,tabindex:-1)
2025-05-24 18:29:18,232 [INFO] PluginManage:310 - Check plugin updater
2025-05-24 18:29:18,251 [INFO] PluginManage:359 - Loaded plugin updater (category:base,tabindex:12)
2025-05-24 18:29:18,251 [INFO] PluginManage:310 - Check plugin userauth
2025-05-24 18:29:18,254 [INFO] UserAuth:118 - Init User Auth plugin
2025-05-24 18:29:18,254 [INFO] PluginManage:359 - Loaded plugin userauth (category:base,tabindex:14)
2025-05-24 18:29:18,254 [INFO] PluginManage:283 - PluginManage : Loaded plugins [18]
2025-05-24 18:29:18,389 [INFO] PinOutPanel:1589 - setPackage(No Configuration,No Configuration)
2025-05-24 18:29:18,447 [INFO] CADModel:165 - CPN selected for project level
2025-05-24 18:29:18,448 [INFO] CADModel:114 - Register for checkConnection events
2025-05-24 18:29:18,470 [INFO] IPUIPlugin:80 - create IPUIPlugin
2025-05-24 18:29:18,470 [INFO] PluginManager:220 - loadIPPluginJar : add adc
2025-05-24 18:29:18,500 [INFO] IPUIPlugin:80 - create IPUIPlugin
2025-05-24 18:29:18,500 [INFO] PluginManager:220 - loadIPPluginJar : add aes
2025-05-24 18:29:18,531 [INFO] IPUIPlugin:80 - create IPUIPlugin
2025-05-24 18:29:18,531 [INFO] PluginManager:220 - loadIPPluginJar : add can
2025-05-24 18:29:18,554 [INFO] IPUIPlugin:80 - create IPUIPlugin
2025-05-24 18:29:18,554 [INFO] PluginManager:220 - loadIPPluginJar : add comp
2025-05-24 18:29:18,579 [INFO] IPUIPlugin:80 - create IPUIPlugin
2025-05-24 18:29:18,579 [INFO] PluginManager:220 - loadIPPluginJar : add cryp
2025-05-24 18:29:18,588 [INFO] IPUIPlugin:80 - create IPUIPlugin
2025-05-24 18:29:18,589 [INFO] PluginManager:220 - loadIPPluginJar : add ddr_ctrl_phy
2025-05-24 18:29:18,610 [INFO] IPUIPlugin:80 - create IPUIPlugin
2025-05-24 18:29:18,610 [INFO] PluginManager:220 - loadIPPluginJar : add dfsdm
2025-05-24 18:29:18,620 [INFO] IPUIPlugin:80 - create IPUIPlugin
2025-05-24 18:29:18,620 [INFO] PluginManager:220 - loadIPPluginJar : add dma
2025-05-24 18:29:18,647 [INFO] IPUIPlugin:80 - create IPUIPlugin
2025-05-24 18:29:18,648 [INFO] PluginManager:220 - loadIPPluginJar : add dma3
2025-05-24 18:29:18,679 [INFO] IPUIPlugin:80 - create IPUIPlugin
2025-05-24 18:29:18,679 [INFO] PluginManager:220 - loadIPPluginJar : add extmemmanager
2025-05-24 18:29:18,693 [INFO] IPUIPlugin:80 - create IPUIPlugin
2025-05-24 18:29:18,693 [INFO] PluginManager:220 - loadIPPluginJar : add fatfs
2025-05-24 18:29:18,725 [INFO] IPUIPlugin:80 - create IPUIPlugin
2025-05-24 18:29:18,726 [INFO] PluginManager:220 - loadIPPluginJar : add fmc
2025-05-24 18:29:18,738 [INFO] IPUIPlugin:80 - create IPUIPlugin
2025-05-24 18:29:18,738 [INFO] PluginManager:220 - loadIPPluginJar : add freertos
2025-05-24 18:29:18,754 [INFO] IPUIPlugin:80 - create IPUIPlugin
2025-05-24 18:29:18,754 [INFO] PluginManager:220 - loadIPPluginJar : add genericplugin
2025-05-24 18:29:18,815 [INFO] IPUIPlugin:80 - create IPUIPlugin
2025-05-24 18:29:18,815 [INFO] PluginManager:220 - loadIPPluginJar : add gfxmmu
2025-05-24 18:29:18,900 [INFO] IPUIPlugin:80 - create IPUIPlugin
2025-05-24 18:29:18,900 [INFO] PluginManager:220 - loadIPPluginJar : add gic
2025-05-24 18:29:18,911 [INFO] IPUIPlugin:80 - create IPUIPlugin
2025-05-24 18:29:18,911 [INFO] PluginManager:220 - loadIPPluginJar : add gpio
2025-05-24 18:29:18,971 [INFO] IPUIPlugin:80 - create IPUIPlugin
2025-05-24 18:29:18,971 [INFO] PluginManager:220 - loadIPPluginJar : add gtzc
2025-05-24 18:29:18,993 [INFO] IPUIPlugin:80 - create IPUIPlugin
2025-05-24 18:29:18,993 [INFO] PluginManager:220 - loadIPPluginJar : add hash
2025-05-24 18:29:19,027 [INFO] IPUIPlugin:80 - create IPUIPlugin
2025-05-24 18:29:19,027 [INFO] PluginManager:220 - loadIPPluginJar : add i2c
2025-05-24 18:29:19,054 [INFO] IPUIPlugin:80 - create IPUIPlugin
2025-05-24 18:29:19,055 [INFO] PluginManager:220 - loadIPPluginJar : add i2s
2025-05-24 18:29:19,083 [INFO] IPUIPlugin:80 - create IPUIPlugin
2025-05-24 18:29:19,083 [INFO] PluginManager:220 - loadIPPluginJar : add i3c
2025-05-24 18:29:19,147 [INFO] IPUIPlugin:80 - create IPUIPlugin
2025-05-24 18:29:19,147 [INFO] PluginManager:220 - loadIPPluginJar : add ipddr
2025-05-24 18:29:19,207 [INFO] IPUIPlugin:80 - create IPUIPlugin
2025-05-24 18:29:19,208 [INFO] PluginManager:220 - loadIPPluginJar : add linkedlist
2025-05-24 18:29:19,234 [INFO] IPUIPlugin:80 - create IPUIPlugin
2025-05-24 18:29:19,234 [INFO] PluginManager:220 - loadIPPluginJar : add lorawan
2025-05-24 18:29:19,259 [INFO] IPUIPlugin:80 - create IPUIPlugin
2025-05-24 18:29:19,259 [INFO] PluginManager:220 - loadIPPluginJar : add ltdc
2025-05-24 18:29:19,270 [INFO] IPUIPlugin:80 - create IPUIPlugin
2025-05-24 18:29:19,270 [INFO] PluginManager:220 - loadIPPluginJar : add mdma
2025-05-24 18:29:19,279 [INFO] IPUIPlugin:80 - create IPUIPlugin
2025-05-24 18:29:19,279 [INFO] PluginManager:220 - loadIPPluginJar : add nvic
2025-05-24 18:29:19,309 [INFO] IPUIPlugin:80 - create IPUIPlugin
2025-05-24 18:29:19,309 [INFO] PluginManager:220 - loadIPPluginJar : add opamp
2025-05-24 18:29:19,356 [INFO] IPUIPlugin:80 - create IPUIPlugin
2025-05-24 18:29:19,356 [INFO] PluginManager:220 - loadIPPluginJar : add openamp
2025-05-24 18:29:19,388 [INFO] IPUIPlugin:80 - create IPUIPlugin
2025-05-24 18:29:19,388 [INFO] PluginManager:220 - loadIPPluginJar : add pdm2pcm
2025-05-24 18:29:19,400 [INFO] IPUIPlugin:80 - create IPUIPlugin
2025-05-24 18:29:19,401 [INFO] PluginManager:220 - loadIPPluginJar : add plateformsettings
2025-05-24 18:29:19,420 [INFO] IPUIPlugin:80 - create IPUIPlugin
2025-05-24 18:29:19,420 [INFO] PluginManager:220 - loadIPPluginJar : add quadspi
2025-05-24 18:29:19,440 [INFO] IPUIPlugin:80 - create IPUIPlugin
2025-05-24 18:29:19,440 [INFO] PluginManager:220 - loadIPPluginJar : add radio
2025-05-24 18:29:19,451 [INFO] IPUIPlugin:80 - create IPUIPlugin
2025-05-24 18:29:19,451 [INFO] PluginManager:220 - loadIPPluginJar : add resmgrutility
2025-05-24 18:29:19,483 [INFO] IPUIPlugin:80 - create IPUIPlugin
2025-05-24 18:29:19,483 [INFO] PluginManager:220 - loadIPPluginJar : add sai
2025-05-24 18:29:19,511 [INFO] IPUIPlugin:80 - create IPUIPlugin
2025-05-24 18:29:19,512 [INFO] PluginManager:220 - loadIPPluginJar : add spi
2025-05-24 18:29:19,567 [INFO] IPUIPlugin:80 - create IPUIPlugin
2025-05-24 18:29:19,567 [INFO] PluginManager:220 - loadIPPluginJar : add stm32_wpan
2025-05-24 18:29:19,587 [INFO] IPUIPlugin:80 - create IPUIPlugin
2025-05-24 18:29:19,587 [INFO] PluginManager:220 - loadIPPluginJar : add tim
2025-05-24 18:29:19,631 [INFO] IPUIPlugin:80 - create IPUIPlugin
2025-05-24 18:29:19,631 [INFO] PluginManager:220 - loadIPPluginJar : add touchsensing
2025-05-24 18:29:19,651 [INFO] IPUIPlugin:80 - create IPUIPlugin
2025-05-24 18:29:19,651 [INFO] PluginManager:220 - loadIPPluginJar : add tracer_emb
2025-05-24 18:29:19,670 [INFO] IPUIPlugin:80 - create IPUIPlugin
2025-05-24 18:29:19,670 [INFO] PluginManager:220 - loadIPPluginJar : add ts
2025-05-24 18:29:19,688 [INFO] IPUIPlugin:80 - create IPUIPlugin
2025-05-24 18:29:19,688 [INFO] PluginManager:220 - loadIPPluginJar : add tsc
2025-05-24 18:29:19,706 [INFO] IPUIPlugin:80 - create IPUIPlugin
2025-05-24 18:29:19,706 [INFO] PluginManager:220 - loadIPPluginJar : add ucpd
2025-05-24 18:29:19,739 [INFO] IPUIPlugin:80 - create IPUIPlugin
2025-05-24 18:29:19,739 [INFO] PluginManager:220 - loadIPPluginJar : add usart
2025-05-24 18:29:19,772 [INFO] IPUIPlugin:80 - create IPUIPlugin
2025-05-24 18:29:19,772 [INFO] PluginManager:220 - loadIPPluginJar : add usbx
2025-05-24 18:29:19,880 [FATAL] Updater:351 - Updater called before beeing initialized
2025-05-24 18:29:19,897 [INFO] RulesReader:64 - Compatibility file has been processed (302 Rules)
2025-05-24 18:29:19,910 [INFO] RulesReader:64 - Compatibility file has been processed (302 Rules)
2025-05-24 18:29:19,920 [INFO] CADModel:165 - CPN selected for project level
2025-05-24 18:29:19,920 [INFO] CADModel:114 - Register for checkConnection events
2025-05-24 18:29:19,920 [FATAL] Updater:351 - Updater called before beeing initialized
2025-05-24 18:29:19,920 [ERROR] CADModel:125 - Updater not yet initialized, retry later 
2025-05-24 18:29:20,028 [FATAL] Updater:351 - Updater called before beeing initialized
2025-05-24 18:29:20,031 [INFO] CADModel:165 - CPN selected for project level
2025-05-24 18:29:20,031 [INFO] CADModel:114 - Register for checkConnection events
2025-05-24 18:29:20,031 [FATAL] Updater:351 - Updater called before beeing initialized
2025-05-24 18:29:20,031 [ERROR] CADModel:125 - Updater not yet initialized, retry later 
2025-05-24 18:29:20,033 [FATAL] Updater:351 - Updater called before beeing initialized
2025-05-24 18:29:20,109 [FATAL] Updater:351 - Updater called before beeing initialized
2025-05-24 18:29:20,119 [INFO] DbMcusAds:53 - JSON generation date=Wed May 07 16:07:55 ICT 2025 (1746608875679)
2025-05-24 18:29:20,119 [FATAL] Updater:351 - Updater called before beeing initialized
2025-05-24 18:29:20,153 [WARN] DetailPanel:346 - Failed to get advertising image, set to default
2025-05-24 18:29:20,338 [FATAL] Updater:351 - Updater called before beeing initialized
2025-05-24 18:29:20,341 [FATAL] Updater:351 - Updater called before beeing initialized
2025-05-24 18:29:20,341 [FATAL] Updater:351 - Updater called before beeing initialized
2025-05-24 18:29:20,341 [WARN] DetailPanel:346 - Failed to get advertising image, set to default
2025-05-24 18:29:20,342 [FATAL] Updater:351 - Updater called before beeing initialized
2025-05-24 18:29:20,398 [ERROR] Updater:1198 - MainUpdater not yet initialized. External WinMGr cannot be set.
2025-05-24 18:29:20,410 [INFO] Updater:1134 - Updater Version found : 6.14.1
2025-05-24 18:29:20,425 [INFO] ApplicationProperties:184 - Using Application install path: C:\STM32CubeIDE_1.16.1\STM32CubeIDE\plugins\com.st.stm32cube.common.mx_6.14.1.202504091515
2025-05-24 18:29:20,821 [INFO] MainUpdater:2872 - connection check result : 10
2025-05-24 18:29:20,821 [INFO] MainUpdater:3566 - Updater definition file requires update
2025-05-24 18:29:20,822 [INFO] MainUpdater:289 - Updater Check For Update Now.
2025-05-24 18:29:20,822 [INFO] MicroXplorer:498 - Change Database Version : DB.6.0.141
2025-05-24 18:29:20,837 [INFO] McuFinderGlobals:63 - Set McuFinder mode to 2 (CubeIDE integrated)
2025-05-24 18:29:20,842 [INFO] UserAuth:484 - Internet connection configuration mode: 1
2025-05-24 18:29:20,861 [INFO] JxBrowserEngine:152 - Initiate JxBrowser Engine with user profile folder
2025-05-24 18:29:21,081 [WARN] MainUpdater:1193 - Updater busy. Cannot search thirdparties
2025-05-24 18:29:21,081 [INFO] ThirdPartyUpdaterWithRetryManager:96 - Updater plugin is busy. [1/15]
2025-05-24 18:29:21,566 [INFO] WebApp:169 - Instantiating new browser for Auth
2025-05-24 18:29:22,036 [INFO] WebApp:463 - Apply proxy settings
2025-05-24 18:29:22,036 [INFO] WebApp:548 - Chromium requires no authentication
2025-05-24 18:29:22,044 [INFO] WebApp:491 - Direct internet connection detected
2025-05-24 18:29:22,060 [INFO] WebApp:894 - Register for checkConnection events
2025-05-24 18:29:22,060 [INFO] WebApp:463 - Apply proxy settings
2025-05-24 18:29:22,060 [INFO] WebApp:548 - Chromium requires no authentication
2025-05-24 18:29:22,060 [INFO] WebApp:491 - Direct internet connection detected
2025-05-24 18:29:22,116 [INFO] ServerAccessManage:473 - Download File updaters.zip
2025-05-24 18:29:22,196 [INFO] FileExtend:242 - Unzip File : updaters.zip
2025-05-24 18:29:22,196 [INFO] FileExtend:257 - Standard Zip Deflate
2025-05-24 18:29:22,223 [INFO] WebApp:225 - Starting web application
2025-05-24 18:29:22,224 [INFO] WebApp:593 - Web application path used C:\STM32CubeIDE_1.16.1\STM32CubeIDE\plugins\com.st.stm32cube.common.mx_6.14.1.202504091515\db\plugins\mcufinder\reactClient1\index.html
2025-05-24 18:29:22,394 [INFO] UserAuth:484 - Internet connection configuration mode: 1
2025-05-24 18:29:22,457 [INFO] WebApp:191 - Connection restablished
2025-05-24 18:29:23,358 [INFO] ServerAccessManage:473 - Download File PacksControlFlags.xml
2025-05-24 18:29:23,648 [INFO] ServerAccessManage:473 - Download File cubemx.pidx
2025-05-24 18:29:24,083 [WARN] MainUpdater:1193 - Updater busy. Cannot search thirdparties
2025-05-24 18:29:24,083 [INFO] ThirdPartyUpdaterWithRetryManager:96 - Updater plugin is busy. [2/15]
2025-05-24 18:29:24,903 [INFO] ServerAccessManage:473 - Download File STMicroelectronics.X-CUBE-ST60.pdsc
2025-05-24 18:29:26,063 [WARN] PackLoader:240 - Cannot read IP mode file for STMicroelectronics.X-CUBE-ST60.1.0.0
2025-05-24 18:29:26,065 [INFO] PopulateThirdPartyThread:66 - Ending populate Thread
2025-05-24 18:29:26,066 [INFO] ThirdParty:1030 - CMSIS Pack Vendor :STMicroelectronics X-CUBE-ST60 1.0.0
2025-05-24 18:29:26,066 [INFO] LoadServerUpdatesThread:375 - End of LoadServerUpdate Thread
2025-05-24 18:29:26,182 [INFO] CheckServerUpdateThread:120 - End of CheckServer Thread
2025-05-24 18:29:27,245 [WARN] PackLoader:240 - Cannot read IP mode file for STMicroelectronics.FP-SNS-MOTENVWB1.1.4.0
2025-05-24 18:29:27,251 [WARN] PackLoader:240 - Cannot read IP mode file for STMicroelectronics.FP-ATR-ASTRA1.2.0.2
2025-05-24 18:29:27,263 [WARN] PackLoader:240 - Cannot read IP mode file for STMicroelectronics.FP-ATR-ASTRA1.2.0.1
2025-05-24 18:29:27,276 [WARN] PackLoader:240 - Cannot read IP mode file for STMicroelectronics.X-CUBE-SMBUS.2.1.0
2025-05-24 18:29:27,290 [WARN] PackLoader:240 - Cannot read IP mode file for STMicroelectronics.X-CUBE-WB05N.1.1.0
2025-05-24 18:29:27,293 [WARN] PackLoader:240 - Cannot read IP mode file for STMicroelectronics.X-CUBE-ST60.1.0.0
2025-05-24 18:29:27,320 [WARN] PackLoader:240 - Cannot read IP mode file for STMicroelectronics.X-CUBE-AZRTOS-F7.1.1.0
2025-05-24 18:29:27,359 [WARN] PackLoader:240 - Cannot read IP mode file for STMicroelectronics.X-CUBE-MEMS1.11.0.0
2025-05-24 18:29:27,440 [WARN] PackLoader:240 - Cannot read IP mode file for STMicroelectronics.FP-SNS-FLIGHT1.5.0.2
2025-05-24 18:29:27,464 [WARN] PackLoader:240 - Cannot read IP mode file for Infineon.AIROC-Wi-Fi-Bluetooth-STM32.1.7.0
2025-05-24 18:29:27,483 [WARN] PackLoader:240 - Cannot read IP mode file for STMicroelectronics.X-CUBE-DISPLAY.3.0.0
2025-05-24 18:29:27,496 [WARN] PackLoader:240 - Cannot read IP mode file for STMicroelectronics.X-CUBE-BLE1.7.0.0
2025-05-24 18:29:27,510 [WARN] PackLoader:240 - Cannot read IP mode file for STMicroelectronics.X-CUBE-NFC10.1.0.0
2025-05-24 18:29:27,524 [WARN] PackLoader:240 - Cannot read IP mode file for STMicroelectronics.X-CUBE-BLEMGR.4.0.0
2025-05-24 18:29:27,538 [WARN] PackLoader:240 - Cannot read IP mode file for emotas.I-CUBE-CANOPEN.1.3.0
2025-05-24 18:29:27,541 [WARN] ConditionMgr:438 - getConditionDescription Invalid condition id : Cortex-A Device cause : null
2025-05-24 18:29:27,559 [WARN] ConditionMgr:1044 - genDependencies : Invalid condition id : Cortex-A Device cause : null
2025-05-24 18:29:27,560 [WARN] ConditionMgr:1044 - genDependencies : Invalid condition id : Cortex-A Device cause : null
2025-05-24 18:29:27,560 [WARN] ConditionMgr:1044 - genDependencies : Invalid condition id : Cortex-A Device cause : null
2025-05-24 18:29:27,573 [WARN] PackLoader:240 - Cannot read IP mode file for STMicroelectronics.X-CUBE-BLEMGR.3.1.0
2025-05-24 18:29:27,587 [WARN] PackLoader:240 - Cannot read IP mode file for STMicroelectronics.X-CUBE-AI.10.0.0
2025-05-24 18:29:27,600 [WARN] PackLoader:240 - Cannot read IP mode file for STMicroelectronics.FP-SNS-SMARTAG2.1.2.0
2025-05-24 18:29:27,603 [WARN] PackLoader:240 - Cannot read IP mode file for STMicroelectronics.FP-SNS-FLIGHT1.5.1.0
2025-05-24 18:29:27,643 [WARN] PackLoader:240 - Cannot read IP mode file for STMicroelectronics.X-CUBE-MEMS1.11.1.0
2025-05-24 18:29:27,705 [INFO] LogOutputStream:77 - [STDOUT_REDIRECT] 1 : Invalid condition id : UX_CORESTACK_Condition cause : null
2025-05-24 18:29:27,707 [INFO] LogOutputStream:77 - [STDOUT_REDIRECT] 1 : Invalid condition id : UX_CORESTACK_Condition cause : null
2025-05-24 18:29:27,708 [INFO] LogOutputStream:77 - [STDOUT_REDIRECT] 1 : Invalid condition id : UX_CORESTACK_Condition cause : null
2025-05-24 18:29:27,709 [INFO] LogOutputStream:77 - [STDOUT_REDIRECT] 1 : Invalid condition id : UX_CORESTACK_Condition cause : null
2025-05-24 18:29:27,709 [INFO] LogOutputStream:77 - [STDOUT_REDIRECT] 1 : Invalid condition id : UX_CORESTACK_Condition cause : null
2025-05-24 18:29:27,710 [WARN] PackLoader:240 - Cannot read IP mode file for STMicroelectronics.X-CUBE-AZRTOS-WL.2.0.0
2025-05-24 18:29:27,724 [WARN] PackLoader:240 - Cannot read IP mode file for STMicroelectronics.FP-SNS-MOTENV1.5.0.0
2025-05-24 18:29:27,737 [WARN] PackLoader:240 - Cannot read IP mode file for wolfSSL.I-CUBE-wolfMQTT.1.19.0
2025-05-24 18:29:27,752 [WARN] PackLoader:240 - Cannot read IP mode file for WES.I-CUBE-Cesium.1.3.0
2025-05-24 18:29:27,765 [WARN] PackLoader:240 - Cannot read IP mode file for STMicroelectronics.X-CUBE-BLE2.3.3.0
2025-05-24 18:29:27,781 [WARN] PackLoader:240 - Cannot read IP mode file for STMicroelectronics.X-CUBE-NFC9.1.0.0
2025-05-24 18:29:27,794 [WARN] PackLoader:240 - Cannot read IP mode file for STMicroelectronics.X-CUBE-BLE1.7.1.0
2025-05-24 18:29:27,797 [WARN] PackLoader:240 - Cannot read IP mode file for wolfSSL.I-CUBE-wolfMQTT.1.19.2
2025-05-24 18:29:27,812 [WARN] PackLoader:240 - Cannot read IP mode file for STMicroelectronics.X-CUBE-TCPP.4.1.0
2025-05-24 18:29:27,847 [WARN] PackLoader:240 - Cannot read IP mode file for STMicroelectronics.X-CUBE-MEMS1.11.2.0
2025-05-24 18:29:27,920 [WARN] PackLoader:240 - Cannot read IP mode file for STMicroelectronics.X-CUBE-AZRTOS-G0.1.1.0
2025-05-24 18:29:27,942 [WARN] PackLoader:240 - Cannot read IP mode file for STMicroelectronics.X-CUBE-SAFEA1.1.2.2
2025-05-24 18:29:27,965 [WARN] PackLoader:240 - Cannot read IP mode file for STMicroelectronics.X-CUBE-NFC4.3.0.0
2025-05-24 18:29:27,984 [WARN] PackLoader:240 - Cannot read IP mode file for EmbeddedOffice.I-CUBE-FS-RTOS.1.0.1
2025-05-24 18:29:27,996 [WARN] PackLoader:240 - Cannot read IP mode file for STMicroelectronics.X-CUBE-WB05N.2.0.0
2025-05-24 18:29:28,002 [WARN] PackLoader:240 - Cannot read IP mode file for wolfSSL.I-CUBE-wolfTPM.3.8.0
2025-05-24 18:29:28,013 [WARN] PackLoader:240 - Cannot read IP mode file for STMicroelectronics.X-CUBE-TCPP.4.2.0
2025-05-24 18:29:28,025 [WARN] PackLoader:240 - Cannot read IP mode file for RealThread.X-CUBE-RT-Thread_Nano.4.1.1
2025-05-24 18:29:28,029 [WARN] PackLoader:240 - Cannot read IP mode file for STMicroelectronics.FP-ATR-SIGFOX1.3.2.0
2025-05-24 18:29:28,040 [WARN] PackLoader:240 - Cannot read IP mode file for wolfSSL.I-CUBE-wolfSSL.5.7.2
2025-05-24 18:29:28,048 [WARN] ConditionMgr:438 - getConditionDescription Invalid condition id : Cortex-A Device cause : null
2025-05-24 18:29:28,059 [WARN] ConditionMgr:1044 - genDependencies : Invalid condition id : Cortex-A Device cause : null
2025-05-24 18:29:28,059 [WARN] ConditionMgr:1044 - genDependencies : Invalid condition id : Cortex-A Device cause : null
2025-05-24 18:29:28,060 [WARN] ConditionMgr:1044 - genDependencies : Invalid condition id : Cortex-A Device cause : null
2025-05-24 18:29:28,070 [WARN] PackLoader:240 - Cannot read IP mode file for STMicroelectronics.X-CUBE-EEPRMA1.5.1.0
2025-05-24 18:29:28,081 [WARN] PackLoader:240 - Cannot read IP mode file for wolfSSL.I-CUBE-wolfSSL.5.7.6
2025-05-24 18:29:28,094 [WARN] PackLoader:240 - Cannot read IP mode file for ITTIA_DB.I-CUBE-ITTIADB.8.9.0
2025-05-24 18:29:28,115 [WARN] PackLoader:240 - Cannot read IP mode file for SEGGER.I-CUBE-embOS.1.3.1
2025-05-24 18:29:28,137 [WARN] PackLoader:240 - Cannot read IP mode file for STMicroelectronics.X-CUBE-ALGOBUILD.1.4.0
2025-05-24 18:29:28,149 [WARN] PackLoader:240 - Cannot read IP mode file for STMicroelectronics.X-CUBE-AI.9.1.0
2025-05-24 18:29:28,168 [WARN] PackLoader:240 - Cannot read IP mode file for STMicroelectronics.X-CUBE-AZRTOS-F4.1.1.0
2025-05-24 18:29:28,172 [WARN] PackLoader:240 - Cannot read IP mode file for Avnet-IotConnect.X-CUBE-IoTC-DA16k-PMOD.1.0.0
2025-05-24 18:29:28,184 [WARN] PackLoader:240 - Cannot read IP mode file for STMicroelectronics.X-CUBE-ISPU.2.1.0
2025-05-24 18:29:28,195 [WARN] PackLoader:240 - Cannot read IP mode file for STMicroelectronics.X-CUBE-FREERTOS.1.2.0
2025-05-24 18:29:28,212 [WARN] PackLoader:240 - Cannot read IP mode file for STMicroelectronics.X-CUBE-AZRTOS-L5.2.0.0
2025-05-24 18:29:28,225 [WARN] PackLoader:240 - Cannot read IP mode file for STMicroelectronics.X-CUBE-NFC6.3.1.0
2025-05-24 18:29:28,265 [WARN] PackLoader:240 - Cannot read IP mode file for STMicroelectronics.X-CUBE-DPower.1.2.0
2025-05-24 18:29:28,276 [WARN] PackLoader:240 - Cannot read IP mode file for STMicroelectronics.X-CUBE-FREERTOS.1.3.1
2025-05-24 18:29:28,286 [WARN] PackLoader:240 - Cannot read IP mode file for STMicroelectronics.X-CUBE-FREERTOS.1.3.0
2025-05-24 18:29:28,298 [WARN] PackLoader:240 - Cannot read IP mode file for STMicroelectronics.X-CUBE-NFC7.1.0.1
2025-05-24 18:29:28,309 [WARN] PackLoader:240 - Cannot read IP mode file for STMicroelectronics.X-CUBE-DPower.1.3.0
2025-05-24 18:29:28,331 [WARN] ConditionMgr:438 - getConditionDescription Invalid condition id : LAN8742 Phy interface Condition cause : null
2025-05-24 18:29:28,331 [WARN] PackLoader:240 - Cannot read IP mode file for STMicroelectronics.X-CUBE-AZRTOS-L4.2.0.0
2025-05-24 18:29:28,333 [WARN] ConditionMgr:1044 - genDependencies : Invalid condition id : LAN8742 Phy interface Condition cause : null
2025-05-24 18:29:28,333 [WARN] ConditionMgr:1044 - genDependencies : Invalid condition id : LAN8742 Phy interface Condition cause : null
2025-05-24 18:29:28,333 [WARN] ConditionMgr:1044 - genDependencies : Invalid condition id : LAN8742 Phy interface Condition cause : null
2025-05-24 18:29:28,379 [WARN] PackLoader:240 - Cannot read IP mode file for STMicroelectronics.X-CUBE-SFXS2LP1.4.0.0
2025-05-24 18:29:28,403 [WARN] PackLoader:240 - Cannot read IP mode file for STMicroelectronics.X-CUBE-AZRTOS-H7.3.3.0
2025-05-24 18:29:28,420 [WARN] PackLoader:240 - Cannot read IP mode file for STMicroelectronics.X-CUBE-IPS.3.0.0
2025-05-24 18:29:28,439 [WARN] ConditionMgr:438 - getConditionDescription Invalid condition id : UX DEVICE CLASS RTOS Condition cause : null
2025-05-24 18:29:28,439 [WARN] ConditionMgr:438 - getConditionDescription Invalid condition id : UX DEVICE CLASS RTOS Condition cause : null
2025-05-24 18:29:28,440 [WARN] PackLoader:240 - Cannot read IP mode file for STMicroelectronics.X-CUBE-AZRTOS-WB.2.0.0
2025-05-24 18:29:28,440 [WARN] ConditionMgr:1044 - genDependencies : Invalid condition id : UX DEVICE CLASS RTOS Condition cause : null
2025-05-24 18:29:28,440 [WARN] ConditionMgr:1044 - genDependencies : Invalid condition id : UX DEVICE CLASS RTOS Condition cause : null
2025-05-24 18:29:28,441 [WARN] ConditionMgr:1044 - genDependencies : Invalid condition id : UX DEVICE CLASS RTOS Condition cause : null
2025-05-24 18:29:28,441 [WARN] ConditionMgr:1044 - genDependencies : Invalid condition id : UX DEVICE CLASS RTOS Condition cause : null
2025-05-24 18:29:28,441 [WARN] ConditionMgr:1044 - genDependencies : Invalid condition id : UX DEVICE CLASS RTOS Condition cause : null
2025-05-24 18:29:28,453 [WARN] PackLoader:240 - Cannot read IP mode file for STMicroelectronics.X-CUBE-GNSS1.7.0.0
2025-05-24 18:29:28,465 [WARN] PackLoader:240 - Cannot read IP mode file for STMicroelectronics.X-CUBE-GNSS1.7.0.1
2025-05-24 18:29:28,478 [WARN] PackLoader:240 - Cannot read IP mode file for STMicroelectronics.X-CUBE-TOUCHGFX.4.25.0
2025-05-24 18:29:28,491 [WARN] PackLoader:240 - Cannot read IP mode file for STMicroelectronics.FP-SNS-STBOX1.2.0.0
2025-05-24 18:29:28,505 [WARN] PackLoader:240 - Cannot read IP mode file for STMicroelectronics.X-CUBE-SUBG2.5.0.0
2025-05-24 18:29:28,534 [WARN] PackLoader:240 - Cannot read IP mode file for STMicroelectronics.X-CUBE-AZRTOS-H7RS.1.1.0
2025-05-24 18:29:28,538 [WARN] PackLoader:240 - Cannot read IP mode file for Cesanta.I-CUBE-Mongoose.7.13.0
2025-05-24 18:29:28,556 [WARN] PackLoader:240 - Cannot read IP mode file for STMicroelectronics.X-CUBE-AZRTOS-G4.2.0.0
2025-05-24 18:29:28,560 [WARN] PackLoader:240 - Cannot read IP mode file for wolfSSL.I-CUBE-wolfSSH.1.4.20
2025-05-24 18:29:28,571 [WARN] PackLoader:240 - Cannot read IP mode file for STMicroelectronics.X-CUBE-NFC7.2.0.0
2025-05-24 18:29:28,584 [WARN] PackLoader:240 - Cannot read IP mode file for STMicroelectronics.X-CUBE-IPS.3.1.0
2025-05-24 18:29:28,597 [WARN] PackLoader:240 - Cannot read IP mode file for STMicroelectronics.X-CUBE-ALS.1.0.2
2025-05-24 18:29:28,608 [WARN] PackLoader:240 - Cannot read IP mode file for STMicroelectronics.X-CUBE-TOUCHGFX.4.24.2
2025-05-24 18:29:28,618 [WARN] PackLoader:240 - Cannot read IP mode file for STMicroelectronics.X-CUBE-TOUCHGFX.4.24.1
2025-05-24 18:29:28,628 [WARN] PackLoader:240 - Cannot read IP mode file for wolfSSL.I-CUBE-wolfTPM.3.4.0
2025-05-24 18:29:28,639 [WARN] PackLoader:240 - Cannot read IP mode file for portGmbH.I-Cube-SoM-uGOAL.1.1.0
2025-05-24 18:29:28,658 [WARN] PackLoader:240 - Cannot read IP mode file for STMicroelectronics.X-CUBE-AZRTOS-H7RS.1.0.0
2025-05-24 18:29:28,671 [WARN] PackLoader:240 - Cannot read IP mode file for STMicroelectronics.FP-ATR-ASTRA1.2.0.0
2025-05-24 18:29:28,686 [WARN] PackLoader:240 - Cannot read IP mode file for STMicroelectronics.X-CUBE-TOF1.3.4.2
2025-05-24 18:29:28,704 [WARN] PackLoader:240 - Cannot read IP mode file for STMicroelectronics.X-CUBE-TOF1.3.4.3
2025-05-24 18:29:28,724 [WARN] PackLoader:240 - Cannot read IP mode file for Infineon.AIROC-Wi-Fi-Bluetooth-STM32.1.6.1
2025-05-24 18:29:28,736 [WARN] PackLoader:240 - Cannot read IP mode file for wolfSSL.I-CUBE-wolfSSH.1.4.17
2025-05-24 18:29:28,738 [INFO] ThirdParty:978 - Integrity check success = true
2025-05-24 18:29:28,738 [INFO] IntegrityCheckThread:100 - exiting critical section [integrity check]
2025-05-24 18:29:28,738 [INFO] IntegrityCheckThread:103 - End integrity checks thread
2025-05-24 18:30:18,408 [INFO] WebApp:194 - Connection lost
2025-05-24 18:30:18,611 [INFO] WebApp:191 - Connection restablished
2025-05-24 18:31:16,920 [INFO] WebApp:194 - Connection lost
2025-05-24 18:31:17,113 [INFO] WebApp:191 - Connection restablished
