2025-06-05 02:01:42,420 [INFO] WebApp:194 - Connection lost
2025-06-05 02:05:47,108 [INFO] WebApp:191 - Connection restablished
2025-06-05 02:08:50,400 [INFO] WebApp:194 - Connection lost
2025-06-05 02:08:50,617 [INFO] WebApp:191 - Connection restablished
2025-06-05 03:28:47,422 [INFO] WebApp:194 - Connection lost
2025-06-05 03:28:47,540 [INFO] WebApp:191 - Connection restablished
2025-06-05 03:29:18,918 [INFO] WebApp:194 - Connection lost
2025-06-05 03:29:19,032 [INFO] WebApp:191 - Connection restablished
2025-06-05 06:43:21,424 [INFO] WebApp:194 - Connection lost
2025-06-05 06:43:21,558 [INFO] WebApp:191 - Connection restablished
2025-06-05 06:43:52,415 [INFO] WebApp:194 - Connection lost
2025-06-05 06:43:52,548 [INFO] WebApp:191 - Connection restablished
2025-06-05 06:43:55,915 [INFO] WebApp:194 - Connection lost
2025-06-05 06:43:56,013 [INFO] WebApp:191 - Connection restablished
2025-06-05 06:46:59,423 [INFO] WebApp:194 - Connection lost
2025-06-05 06:46:59,539 [INFO] WebApp:191 - Connection restablished
2025-06-05 06:50:31,921 [INFO] WebApp:194 - Connection lost
2025-06-05 06:50:32,052 [INFO] WebApp:191 - Connection restablished
2025-06-05 06:51:22,928 [INFO] WebApp:194 - Connection lost
2025-06-05 06:51:23,038 [INFO] WebApp:191 - Connection restablished
2025-06-05 07:37:50,438 [INFO] WebApp:194 - Connection lost
2025-06-05 07:37:50,575 [INFO] WebApp:191 - Connection restablished
2025-06-05 07:38:22,931 [INFO] WebApp:194 - Connection lost
2025-06-05 07:38:23,048 [INFO] WebApp:191 - Connection restablished
2025-06-05 11:08:50,408 [INFO] WebApp:194 - Connection lost
2025-06-05 11:08:50,591 [INFO] WebApp:191 - Connection restablished
2025-06-05 11:09:33,416 [INFO] WebApp:194 - Connection lost
2025-06-05 11:09:33,622 [INFO] WebApp:191 - Connection restablished
2025-06-05 11:10:34,416 [INFO] WebApp:194 - Connection lost
2025-06-05 11:10:34,617 [INFO] WebApp:191 - Connection restablished
2025-06-05 11:11:33,411 [INFO] WebApp:194 - Connection lost
2025-06-05 11:11:33,593 [INFO] WebApp:191 - Connection restablished
2025-06-05 14:05:46,423 [INFO] WebApp:194 - Connection lost
2025-06-05 14:05:46,621 [INFO] WebApp:191 - Connection restablished
2025-06-05 15:42:42,190 [INFO] UtilMem:75 - End SaveConfig() Used Memory: 729758576 Bytes (829423616)
2025-06-05 15:42:45,513 [INFO] UtilMem:75 - End SaveConfig() Used Memory: 373855960 Bytes (829423616)
2025-06-05 15:42:45,890 [INFO] UtilMem:75 - End SaveConfig() Used Memory: 510132408 Bytes (829423616)
2025-06-05 15:42:46,287 [INFO] BlockDiagram:2775 - set Specific Code input for plugin: TIM1_8G4
2025-06-05 15:42:46,288 [INFO] BlockDiagram:2775 - set Specific Code input for plugin: TIM1_8G4
2025-06-05 15:42:46,288 [INFO] BlockDiagram:2775 - set Specific Code input for plugin: TIM1_8G4
2025-06-05 15:42:46,288 [INFO] BlockDiagram:2775 - set Specific Code input for plugin: TIM1_8G4
2025-06-05 15:42:46,288 [INFO] BlockDiagram:2775 - set Specific Code input for plugin: TIM1_8G4
2025-06-05 15:42:46,289 [INFO] BlockDiagram:2775 - set Specific Code input for plugin: ARM.CMSIS-DSP.1.15.0
2025-06-05 15:42:46,289 [INFO] BlockDiagram:2775 - set Specific Code input for plugin: SYS
2025-06-05 15:42:46,289 [INFO] BlockDiagram:2775 - set Specific Code input for plugin: ADC
2025-06-05 15:42:46,289 [INFO] BlockDiagram:2775 - set Specific Code input for plugin: RCC
2025-06-05 15:42:46,289 [INFO] BlockDiagram:2775 - set Specific Code input for plugin: NVIC
2025-06-05 15:42:46,289 [INFO] BlockDiagram:2775 - set Specific Code input for plugin: USART
2025-06-05 15:42:46,289 [INFO] BlockDiagram:2775 - set Specific Code input for plugin: DMA
2025-06-05 15:42:46,289 [INFO] BlockDiagram:2775 - set Specific Code input for plugin: TIM1_8G4
2025-06-05 15:42:46,289 [INFO] BlockDiagram:2775 - set Specific Code input for plugin: GPIO
2025-06-05 15:42:46,289 [INFO] BlockDiagram:2775 - set Specific Code input for plugin: ARM.CMSIS.6.0.0
2025-06-05 15:42:46,294 [WARN] ThirdPartyIpManager:480 - Condition 'TrustZone' not fulfilled in pack 'ARM.CMSIS.6.0.0'
2025-06-05 15:42:46,295 [WARN] ThirdPartyRefParameterProcessor:173 - Condition 'TrustZone;(SIiDtzIiTZ)' has not the same result using Semaphore or Dynamic solver for pack 'ARM.CMSIS.6.0.0''
2025-06-05 15:42:46,295 [WARN] ThirdPartyIpManager:480 - Condition 'TZ Secure' not fulfilled in pack 'ARM.CMSIS.6.0.0'
2025-06-05 15:42:46,295 [WARN] ThirdPartyRefParameterProcessor:173 - Condition 'TZ Secure;(SIiDtzIiTZ&SIiDsecureIiSecure)' has not the same result using Semaphore or Dynamic solver for pack 'ARM.CMSIS.6.0.0''
2025-06-05 15:42:46,295 [WARN] ThirdPartyIpManager:480 - Condition 'TZ Secure' not fulfilled in pack 'ARM.CMSIS.6.0.0'
2025-06-05 15:42:46,295 [WARN] ThirdPartyRefParameterProcessor:173 - Condition 'TZ Secure;(SIiDtzIiTZ&SIiDsecureIiSecure)' has not the same result using Semaphore or Dynamic solver for pack 'ARM.CMSIS.6.0.0''
2025-06-05 15:42:46,296 [WARN] ThirdPartyIpManager:480 - Condition 'ARMv7-A Device' not fulfilled in pack 'ARM.CMSIS-DSP.1.15.0'
2025-06-05 15:42:46,296 [WARN] ThirdPartyIpManager:480 - Condition 'ARMv7-A Device' not fulfilled in pack 'ARM.CMSIS-DSP.1.15.0'
2025-06-05 15:42:46,297 [INFO] CodeGenerator:882 - code generatio: config db path: C:\STM32CubeIDE_1.16.1\STM32CubeIDE\plugins\com.st.stm32cube.common.mx_6.14.1.202504091515\\db\
2025-06-05 15:42:46,538 [INFO] CodeEngine:263 - oldGeneratedFile, C:\Users\spwkp\STM32CubeIDE\Full_Studio_2_2\Studio\MXTmpFiles\license.tmp_save
2025-06-05 15:42:47,040 [INFO] CodeEngine:287 - Generated code: C:\Users\spwkp\STM32CubeIDE\Full_Studio_2_2\Studio\MXTmpFiles\license.tmp
2025-06-05 15:42:47,171 [INFO] CodeEngine:263 - oldGeneratedFile, C:\Users\spwkp\STM32CubeIDE\Full_Studio_2_2\Studio\MXTmpFiles\gpio.tmp_save
2025-06-05 15:42:47,292 [INFO] CodeEngine:287 - Generated code: C:\Users\spwkp\STM32CubeIDE\Full_Studio_2_2\Studio\MXTmpFiles\gpio.tmp
2025-06-05 15:42:48,408 [INFO] CodeEngine:263 - oldGeneratedFile, C:\Users\spwkp\STM32CubeIDE\Full_Studio_2_2\Studio\MXTmpFiles\dma.tmp_save
2025-06-05 15:42:48,481 [INFO] CodeEngine:287 - Generated code: C:\Users\spwkp\STM32CubeIDE\Full_Studio_2_2\Studio\MXTmpFiles\dma.tmp
2025-06-05 15:42:48,490 [INFO] CodeEngine:263 - oldGeneratedFile, C:\Users\spwkp\STM32CubeIDE\Full_Studio_2_2\Studio\MXTmpFiles\dma_GV.tmp_save
2025-06-05 15:42:48,537 [INFO] CodeEngine:287 - Generated code: C:\Users\spwkp\STM32CubeIDE\Full_Studio_2_2\Studio\MXTmpFiles\dma_GV.tmp
2025-06-05 15:42:48,574 [INFO] CodeEngine:263 - oldGeneratedFile, C:\Users\spwkp\STM32CubeIDE\Full_Studio_2_2\Studio\Core\Src\stm32g4xx_it.c_save
2025-06-05 15:42:48,718 [INFO] CodeEngine:287 - Generated code: C:\Users\spwkp\STM32CubeIDE\Full_Studio_2_2\Studio\Core\Src\stm32g4xx_it.c
2025-06-05 15:42:48,741 [INFO] CodeEngine:263 - oldGeneratedFile, C:\Users\spwkp\STM32CubeIDE\Full_Studio_2_2\Studio\Core\Inc\stm32g4xx_it.h_save
2025-06-05 15:42:48,807 [INFO] CodeEngine:287 - Generated code: C:\Users\spwkp\STM32CubeIDE\Full_Studio_2_2\Studio\Core\Inc\stm32g4xx_it.h
2025-06-05 15:42:48,845 [INFO] CodeEngine:263 - oldGeneratedFile, C:\Users\spwkp\STM32CubeIDE\Full_Studio_2_2\Studio\Core\Src\stm32g4xx_hal_msp.c_save
2025-06-05 15:42:48,984 [INFO] CodeEngine:287 - Generated code: C:\Users\spwkp\STM32CubeIDE\Full_Studio_2_2\Studio\Core\Src\stm32g4xx_hal_msp.c
2025-06-05 15:42:49,003 [INFO] CodeEngine:263 - oldGeneratedFile, C:\Users\spwkp\STM32CubeIDE\Full_Studio_2_2\Studio\MXTmpFiles\system.tmp_save
2025-06-05 15:42:49,049 [INFO] CodeEngine:287 - Generated code: C:\Users\spwkp\STM32CubeIDE\Full_Studio_2_2\Studio\MXTmpFiles\system.tmp
2025-06-05 15:42:49,073 [INFO] CodeEngine:319 - oldGeneratedFile, C:\Users\spwkp\STM32CubeIDE\Full_Studio_2_2\Studio\Core\Inc\stm32g4xx_hal_conf.h_save
2025-06-05 15:42:49,138 [INFO] CodeEngine:343 - Generated code: C:\Users\spwkp\STM32CubeIDE\Full_Studio_2_2\Studio\Core\Inc\stm32g4xx_hal_conf.h
2025-06-05 15:42:49,171 [WARN] IPConfigManager:3217 - Warning: the RefConfig RCC_CommonPeriphClockConfig is not available in your config.xml file
2025-06-05 15:42:49,179 [INFO] ApiDbMcu:508 - Load IP Config File for ADC1
2025-06-05 15:42:49,188 [INFO] ApiDbMcu:508 - Load IP Config File for TIM1
2025-06-05 15:42:49,197 [INFO] ApiDbMcu:508 - Load IP Config File for TIM2
2025-06-05 15:42:49,207 [INFO] ApiDbMcu:508 - Load IP Config File for TIM3
2025-06-05 15:42:49,216 [INFO] ApiDbMcu:508 - Load IP Config File for TIM4
2025-06-05 15:42:49,224 [INFO] ApiDbMcu:508 - Load IP Config File for TIM5
2025-06-05 15:42:49,233 [INFO] ApiDbMcu:508 - Load IP Config File for TIM16
2025-06-05 15:42:49,239 [INFO] ApiDbMcu:508 - Load IP Config File for USART2
2025-06-05 15:42:49,241 [INFO] ApiDbMcu:508 - Load IP Config File for RCC
2025-06-05 15:42:49,246 [WARN] IPConfigManager:3790 - IP not found : TIM
2025-06-05 15:42:49,247 [WARN] CodeGenerator:4198 - IP not found : null
2025-06-05 15:42:49,265 [INFO] CodeEngine:263 - oldGeneratedFile, C:\Users\spwkp\STM32CubeIDE\Full_Studio_2_2\Studio\Core\Inc\main.h_save
2025-06-05 15:42:49,332 [INFO] CodeEngine:287 - Generated code: C:\Users\spwkp\STM32CubeIDE\Full_Studio_2_2\Studio\Core\Inc\main.h
2025-06-05 15:42:49,352 [INFO] CodeEngine:263 - oldGeneratedFile, C:\Users\spwkp\STM32CubeIDE\Full_Studio_2_2\Studio\Core\Src\main.c_save
2025-06-05 15:42:49,510 [INFO] CodeEngine:287 - Generated code: C:\Users\spwkp\STM32CubeIDE\Full_Studio_2_2\Studio\Core\Src\main.c
2025-06-05 15:42:49,868 [INFO] ProjectBuilder:3324 - Time for Copy HAL[1] : 218mS.
2025-06-05 15:42:49,869 [WARN] ThirdPartyIpManager:480 - Condition 'TrustZone' not fulfilled in pack 'ARM.CMSIS.6.0.0'
2025-06-05 15:42:49,870 [WARN] ThirdPartyRefParameterProcessor:173 - Condition 'TrustZone;(SIiDtzIiTZ)' has not the same result using Semaphore or Dynamic solver for pack 'ARM.CMSIS.6.0.0''
2025-06-05 15:42:49,870 [WARN] ThirdPartyIpManager:480 - Condition 'TZ Secure' not fulfilled in pack 'ARM.CMSIS.6.0.0'
2025-06-05 15:42:49,870 [WARN] ThirdPartyRefParameterProcessor:173 - Condition 'TZ Secure;(SIiDtzIiTZ&SIiDsecureIiSecure)' has not the same result using Semaphore or Dynamic solver for pack 'ARM.CMSIS.6.0.0''
2025-06-05 15:42:49,870 [WARN] ThirdPartyIpManager:480 - Condition 'TZ Secure' not fulfilled in pack 'ARM.CMSIS.6.0.0'
2025-06-05 15:42:49,870 [WARN] ThirdPartyRefParameterProcessor:173 - Condition 'TZ Secure;(SIiDtzIiTZ&SIiDsecureIiSecure)' has not the same result using Semaphore or Dynamic solver for pack 'ARM.CMSIS.6.0.0''
2025-06-05 15:42:49,871 [WARN] ThirdPartyIpManager:480 - Condition 'ARMv7-A Device' not fulfilled in pack 'ARM.CMSIS-DSP.1.15.0'
2025-06-05 15:42:49,871 [WARN] ThirdPartyIpManager:480 - Condition 'ARMv7-A Device' not fulfilled in pack 'ARM.CMSIS-DSP.1.15.0'
2025-06-05 15:42:50,165 [INFO] ProjectBuilder:9132 - Time for Copy ThirdParty[1] : 292mS.
2025-06-05 15:42:50,700 [INFO] ProjectBuilder:9132 - Time for Copy ThirdParty[1] : 535mS.
2025-06-05 15:42:50,705 [INFO] ProjectBuilder:4912 - Project Generator version: 4.6.0.1-B1
2025-06-05 15:42:50,773 [INFO] ConfigFileManager:1590 - The Die is : DIE469
2025-06-05 15:42:50,783 [INFO] ApiDbMcu:508 - Load IP Config File for FATFS
2025-06-05 15:42:50,793 [INFO] ApiDbMcu:508 - Load IP Config File for FREERTOS
2025-06-05 15:42:50,803 [INFO] ApiDbMcu:508 - Load IP Config File for USBPD
2025-06-05 15:42:50,818 [INFO] ApiDbMcu:508 - Load IP Config File for USB_DEVICE
